============================= test session starts ==============================
platform darwin -- Python 3.12.12, pytest-9.1.1, pluggy-1.6.0 -- /Users/iurii.medvedev/Work/code-diver/.venv/bin/python3
cachedir: .pytest_cache
rootdir: /Users/iurii.medvedev/Work/code-diver
configfile: pyproject.toml
plugins: anyio-4.14.2
collecting ... ERROR: file or directory not found: tests/unit/test_retrieval_strategy_factory.py

collected 0 items

============================ no tests ran in 0.00s =============================
