============================= test session starts ==============================
platform darwin -- Python 3.12.12, pytest-9.1.1, pluggy-1.6.0 -- /Users/iurii.medvedev/Work/code-diver/.venv/bin/python3
cachedir: .pytest_cache
rootdir: /Users/iurii.medvedev/Work/code-diver
configfile: pyproject.toml
plugins: anyio-4.14.2
collecting ... collected 1374 items

tests/unit/test_agy_cli_generation_provider.py::test_agy_cli_generation_provider_runs_sandboxed_print PASSED [  0%]
tests/unit/test_agy_cli_generation_provider.py::test_agy_cli_generation_provider_reports_cli_failure PASSED [  0%]
tests/unit/test_agy_cli_generation_provider.py::test_generation_factory_creates_agy_cli_provider PASSED [  0%]
tests/unit/test_ai_codebase_scanner.py::test_ai_codebase_scanner_builds_generic_semantic_items PASSED [  0%]
tests/unit/test_ai_codebase_scanner.py::test_ai_codebase_scanner_falls_back_to_base_scan_on_generation_error PASSED [  0%]
tests/unit/test_ai_index_response_parser.py::test_ai_index_response_parser_accepts_json_with_trailing_text PASSED [  0%]
tests/unit/test_answer_candidate_cross_encoder_reranker.py::test_it_orders_by_cross_encoder_score_and_keeps_unscored_candidates_behind PASSED [  0%]
tests/unit/test_answer_candidate_cross_encoder_reranker.py::test_the_payload_keeps_the_generative_reranker_key_names PASSED [  0%]
tests/unit/test_answer_candidate_cross_encoder_reranker.py::test_out_of_range_and_repeated_indices_cannot_drop_or_duplicate_a_candidate PASSED [  0%]
tests/unit/test_answer_candidate_cross_encoder_reranker.py::test_a_provider_failure_falls_back_to_base_order_instead_of_raising PASSED [  0%]
tests/unit/test_answer_candidate_cross_encoder_reranker.py::test_it_only_sends_candidate_limit_documents PASSED [  0%]
tests/unit/test_answer_candidate_cross_encoder_reranker.py::test_document_text_is_truncated_to_the_configured_budget PASSED [  0%]
tests/unit/test_answer_candidate_reranker_factory.py::test_the_champion_strategy_still_gets_the_generative_reranker PASSED [  0%]
tests/unit/test_answer_candidate_reranker_factory.py::test_a_cross_encoder_strategy_gets_the_cross_encoder_reranker PASSED [  1%]
tests/unit/test_answer_candidate_reranker_factory.py::test_the_hybrid_cross_encoder_strategy_also_gets_the_cross_encoder PASSED [  1%]
tests/unit/test_answer_candidate_reranker_factory.py::test_the_rerank_generation_override_reaches_the_final_candidate_rerank PASSED [  1%]
tests/unit/test_answer_candidate_reranker_factory.py::test_the_report_records_the_reranker_that_will_actually_run PASSED [  1%]
tests/unit/test_answer_candidate_reranker_factory.py::test_a_disabled_final_rerank_is_recorded_as_such PASSED [  1%]
tests/unit/test_answer_evaluator.py::test_answer_case_extracts_paths_from_reference PASSED [  1%]
tests/unit/test_answer_evaluator.py::test_answer_dataset_loader_reports_bad_rows PASSED [  1%]
tests/unit/test_answer_evaluator.py::test_answer_context_builder_reads_ranked_files PASSED [  1%]
tests/unit/test_answer_evaluator.py::test_answer_context_builder_separates_documentation_from_code_limit PASSED [  1%]
tests/unit/test_answer_evaluator.py::test_answer_evaluator_searches_reads_answers_and_judges PASSED [  1%]
tests/unit/test_answer_evaluator.py::test_answer_evaluator_preserves_retrieval_metrics_when_answer_json_breaks PASSED [  1%]
tests/unit/test_answer_evaluator.py::test_answer_evaluator_can_omit_context_text PASSED [  1%]
tests/unit/test_answer_evaluator.py::test_answer_evaluator_uses_llm_generated_search_queries PASSED [  1%]
tests/unit/test_answer_evaluator.py::test_answer_query_planner_includes_repository_context PASSED [  1%]
tests/unit/test_answer_evaluator.py::test_answer_evaluator_includes_repository_context_in_answer_prompt PASSED [  2%]
tests/unit/test_answer_evaluator.py::test_answer_evaluator_can_rerank_merged_planned_query_pool PASSED [  2%]
tests/unit/test_answer_evaluator.py::test_answer_evaluator_persists_candidate_pool_when_rerank_disabled PASSED [  2%]
tests/unit/test_answer_evaluator.py::test_answer_judge_rubric_computes_weighted_overall PASSED [  2%]
tests/unit/test_answer_evaluator.py::test_answer_report_metrics_recomputes_aggregate PASSED [  2%]
tests/unit/test_answer_evaluator.py::test_answer_report_judge_scores_saved_rows_with_stored_context PASSED [  2%]
tests/unit/test_answer_grounding_metrics.py::test_a_grounded_answer_passes_the_gate PASSED [  2%]
tests/unit/test_answer_grounding_metrics.py::test_citing_a_plausible_neighbour_from_the_bundle_fails_the_gate PASSED [  2%]
tests/unit/test_answer_grounding_metrics.py::test_a_citation_naming_a_file_absent_from_the_context_counts_as_fabricated PASSED [  2%]
tests/unit/test_answer_grounding_metrics.py::test_an_answer_with_no_citations_fails_the_gate PASSED [  2%]
tests/unit/test_answer_grounding_metrics.py::test_an_empty_answer_fails_the_gate_even_with_valid_citations PASSED [  2%]
tests/unit/test_answer_grounding_metrics.py::test_partial_coverage_of_a_multi_file_answer_is_reported_as_recall PASSED [  2%]
tests/unit/test_answer_grounding_metrics.py::test_duplicate_citations_of_the_same_path_are_counted_once PASSED [  2%]
tests/unit/test_answer_grounding_metrics.py::test_bare_string_citations_are_accepted PASSED [  2%]
tests/unit/test_answer_grounding_metrics.py::test_malformed_citation_entries_do_not_raise PASSED [  3%]
tests/unit/test_answer_grounding_metrics.py::test_expected_ratios_are_omitted_when_a_case_declares_no_expected_paths PASSED [  3%]
tests/unit/test_answer_judge_abstention.py::test_rubric_zeroes_all_but_hallucination_control_for_abstention PASSED [  3%]
tests/unit/test_answer_judge_abstention.py::test_rubric_zeroes_everything_including_hallucination_control_for_empty PASSED [  3%]
tests/unit/test_answer_judge_abstention.py::test_rubric_substantive_all_fours_scores_five_regression PASSED [  3%]
tests/unit/test_answer_judge_abstention.py::test_rubric_missing_answer_type_behaves_as_substantive PASSED [  3%]
tests/unit/test_answer_judge_abstention.py::test_judge_abstained_and_empty_keys_are_binary PASSED [  3%]
tests/unit/test_answer_judge_abstention.py::test_answer_judge_raises_on_missing_criterion PASSED [  3%]
tests/unit/test_answer_judge_abstention.py::test_answer_judge_raises_on_out_of_range_score PASSED [  3%]
tests/unit/test_answer_judge_abstention.py::test_answer_judge_accepts_payload_without_answer_type PASSED [  3%]
tests/unit/test_answer_metrics_judge_aggregation.py::test_judge_error_row_is_excluded_from_judge_overall_mean_not_counted_as_zero PASSED [  3%]
tests/unit/test_answer_metrics_judge_aggregation.py::test_judge_scored_count_reflects_only_rows_that_actually_contributed PASSED [  3%]
tests/unit/test_answer_metrics_judge_aggregation.py::test_judge_scored_count_is_omitted_when_the_judge_never_ran PASSED [  3%]
tests/unit/test_answer_metrics_judge_aggregation.py::test_non_judge_metric_missing_on_some_rows_still_defaults_to_zero PASSED [  4%]
tests/unit/test_answer_metrics_judge_aggregation.py::test_judge_confidence_interval_is_computed_from_contributing_rows_only PASSED [  4%]
tests/unit/test_answer_metrics_judge_aggregation.py::test_judge_duration_ms_keeps_default_to_zero_behaviour_despite_judge_prefix PASSED [  4%]
tests/unit/test_answer_pairwise_judge.py::test_the_slot_verdict_is_translated_back_into_the_system_that_filled_the_slot PASSED [  4%]
tests/unit/test_answer_pairwise_judge.py::test_swapping_the_slots_swaps_the_reported_winner_for_the_same_verdict PASSED [  4%]
tests/unit/test_answer_pairwise_judge.py::test_dimension_verdicts_are_translated_out_of_slot_labels_too PASSED [  4%]
tests/unit/test_answer_pairwise_judge.py::test_a_verdict_naming_a_side_this_judge_does_not_have_is_rejected_not_read_as_a_tie PASSED [  4%]
tests/unit/test_answer_pairwise_judge.py::test_a_missing_dimension_is_rejected_rather_than_scored_as_a_tie PASSED [  4%]
tests/unit/test_answer_pairwise_judge.py::test_comparing_a_system_against_itself_is_refused PASSED [  4%]
tests/unit/test_answer_pairwise_judge.py::test_a_prompt_missing_a_placeholder_fails_at_load_not_silently_at_judge_time PASSED [  4%]
tests/unit/test_answer_pairwise_judge.py::test_both_answers_and_the_context_reach_the_prompt PASSED [  4%]
tests/unit/test_answer_pairwise_judge.py::test_the_baseline_and_arm_take_turns_in_slot_a PASSED [  4%]
tests/unit/test_answer_pairwise_judge.py::test_reports_built_over_different_contexts_are_refused PASSED [  4%]
tests/unit/test_answer_pairwise_judge.py::test_a_case_with_no_stored_context_is_refused PASSED [  4%]
tests/unit/test_answer_pairwise_judge.py::test_a_failed_comparison_is_dropped_and_reported_not_counted_as_a_tie PASSED [  5%]
tests/unit/test_answer_pairwise_judge.py::test_the_summary_counts_wins_for_the_arm_across_alternating_slots PASSED [  5%]
tests/unit/test_answer_pairwise_judge.py::test_critical_errors_are_attributed_to_the_system_that_made_them PASSED [  5%]
tests/unit/test_answer_pairwise_judge.py::test_the_sign_test_uses_only_the_discordant_pairs[0-0-1.0] PASSED [  5%]
tests/unit/test_answer_pairwise_judge.py::test_the_sign_test_uses_only_the_discordant_pairs[5-5-1.0] PASSED [  5%]
tests/unit/test_answer_pairwise_judge.py::test_the_sign_test_uses_only_the_discordant_pairs[10-0-0.001953125] PASSED [  5%]
tests/unit/test_answer_pairwise_judge.py::test_the_sign_test_uses_only_the_discordant_pairs[0-10-0.001953125] PASSED [  5%]
tests/unit/test_answer_pairwise_judge.py::test_the_sign_test_uses_only_the_discordant_pairs[9-1-0.021484375] PASSED [  5%]
tests/unit/test_answer_prompt_citation_allowlist.py::test_the_default_prompt_is_unchanged_so_earlier_runs_stay_comparable PASSED [  5%]
tests/unit/test_answer_prompt_citation_allowlist.py::test_the_allowlist_names_every_context_file_and_forbids_the_rest PASSED [  5%]
tests/unit/test_answer_prompt_citation_allowlist.py::test_an_empty_bundle_gets_no_allowlist_rather_than_an_empty_one PASSED [  5%]
tests/unit/test_answer_prompt_citation_allowlist.py::test_the_allowlist_is_exactly_the_set_the_fabrication_metric_scores_against PASSED [  5%]
tests/unit/test_answer_prompt_citation_allowlist.py::test_the_config_flag_defaults_off_and_loads_from_yaml PASSED [  5%]
tests/unit/test_answer_report_integrity.py::test_stamp_case_counts_records_requested_count_as_float PASSED [  5%]
tests/unit/test_answer_report_integrity.py::test_assert_case_count_matches_passes_when_equal PASSED [  6%]
tests/unit/test_answer_report_integrity.py::test_assert_case_count_matches_raises_when_short PASSED [  6%]
tests/unit/test_answer_report_integrity.py::test_incomplete_answer_report_error_carries_both_counts PASSED [  6%]
tests/unit/test_answer_report_integrity.py::test_answer_evaluator_raises_when_a_row_is_dropped PASSED [  6%]
tests/unit/test_answer_report_integrity.py::test_answer_evaluator_complete_run_stamps_matching_counts PASSED [  6%]
tests/unit/test_answer_report_integrity.py::test_answer_report_judge_raises_when_a_row_is_dropped PASSED [  6%]
tests/unit/test_answer_report_integrity.py::test_answer_report_judge_complete_run_stamps_matching_counts PASSED [  6%]
tests/unit/test_answer_report_integrity.py::test_rejudge_script_stamps_matching_counts_on_a_complete_run PASSED [  6%]
tests/unit/test_answer_report_presentation.py::test_default_metrics_context_bundle_complete_leads PASSED [  6%]
tests/unit/test_answer_report_presentation.py::test_default_metrics_context_bundle_complete_precedes_judge_overall PASSED [  6%]
tests/unit/test_answer_report_presentation.py::test_default_metrics_contains_all_six_judge_criteria PASSED [  6%]
tests/unit/test_answer_report_presentation.py::test_default_metrics_has_no_duplicate_keys PASSED [  6%]
tests/unit/test_answer_report_presentation.py::test_default_metrics_judge_overall_is_last_judge_metric PASSED [  6%]
tests/unit/test_answer_report_presentation.py::test_default_metrics_never_includes_a_criteria_sum_key PASSED [  6%]
tests/unit/test_answer_report_presentation.py::test_default_metrics_is_primary_then_judge_metrics PASSED [  7%]
tests/unit/test_answer_report_presentation.py::test_answer_report_metrics_recomputes_aggregate_with_new_ordering PASSED [  7%]
tests/unit/test_answer_report_presentation.py::test_cell_renderer_emits_ci_for_context_bundle_complete PASSED [  7%]
tests/unit/test_answer_report_presentation.py::test_cell_renderer_falls_back_without_ci_data PASSED [  7%]
tests/unit/test_answer_report_presentation.py::test_cell_renderer_missing_key_is_a_dash PASSED [  7%]
tests/unit/test_answer_report_presentation.py::test_render_answer_metrics_table_skips_missing_judge_abstained PASSED [  7%]
tests/unit/test_answer_report_presentation.py::test_render_answer_metrics_table_renders_judge_abstained_when_present PASSED [  7%]
tests/unit/test_answer_report_presentation.py::test_compare_judges_reports_per_criterion_agreement_without_a_sum PASSED [  7%]
tests/unit/test_answer_report_presentation.py::test_compare_judges_abstention_is_none_when_key_absent PASSED [  7%]
tests/unit/test_antigravity_sdk_generation_provider.py::test_antigravity_sdk_generation_provider_runs_read_only_agent PASSED [  7%]
tests/unit/test_antigravity_sdk_generation_provider.py::test_generation_factory_creates_antigravity_sdk_provider PASSED [  7%]
tests/unit/test_antigravity_sdk_generation_provider.py::test_antigravity_sdk_generation_provider_reports_sdk_warning PASSED [  7%]
tests/unit/test_benchmark_embedding_models.py::test_embedding_benchmark_isolates_json_artifacts_per_model PASSED [  7%]
tests/unit/test_benchmark_profiles.py::test_benchmark_registry_exposes_reproducible_profiles PASSED [  8%]
tests/unit/test_benchmark_profiles.py::test_benchmark_registry_reports_available_names PASSED [  8%]
tests/unit/test_benchmark_profiles.py::test_evaluate_parser_accepts_benchmark_profile PASSED [  8%]
tests/unit/test_benchmark_profiles.py::test_evaluate_parser_accepts_local_dataset_generation PASSED [  8%]
tests/unit/test_benchmark_profiles.py::test_evaluate_search_tools_parser_accepts_case_limit PASSED [  8%]
tests/unit/test_benchmark_profiles.py::test_evaluate_explanations_parser_accepts_benchmark_and_judge PASSED [  8%]
tests/unit/test_benchmark_profiles.py::test_evaluate_answers_parser_accepts_benchmark_and_judge PASSED [  8%]
tests/unit/test_benchmark_profiles.py::test_answer_report_parser_accepts_compare_and_judge PASSED [  8%]
tests/unit/test_benchmark_profiles.py::test_evaluate_answers_parser_uses_dynamic_context_default PASSED [  8%]
tests/unit/test_benchmark_profiles.py::test_resolve_benchmark_profile_returns_none_when_not_requested PASSED [  8%]
tests/unit/test_benchmark_profiles.py::test_index_parser_accepts_repository_root PASSED [  8%]
tests/unit/test_benchmark_profiles.py::test_index_parser_accepts_clear_all PASSED [  8%]
tests/unit/test_benchmark_profiles.py::test_index_parser_rejects_conflicting_index_modes PASSED [  8%]
tests/unit/test_benchmark_profiles.py::test_index_parser_rejects_embedding_profile PASSED [  8%]
tests/unit/test_benchmark_profiles.py::test_init_parser_accepts_runtime_backend PASSED [  9%]
tests/unit/test_benchmark_profiles.py::test_init_parser_accepts_embeddinggemma_profile PASSED [  9%]
tests/unit/test_benchmark_profiles.py::test_embedding_profile_overrides_embedding_config PASSED [  9%]
tests/unit/test_benchmark_profiles.py::test_embeddinggemma_profile_uses_code_retrieval_prompts PASSED [  9%]
tests/unit/test_benchmark_profiles.py::test_default_config_path_applies_runtime_embedding_profile PASSED [  9%]
tests/unit/test_benchmark_profiles.py::test_non_default_config_path_keeps_experiment_embedding PASSED [  9%]
tests/unit/test_benchmark_profiles.py::test_global_root_can_be_parsed_before_subcommand PASSED [  9%]
tests/unit/test_benchmark_profiles.py::test_normalize_argv_moves_root_before_subcommand PASSED [  9%]
tests/unit/test_benchmark_profiles.py::test_root_override_rebases_repo_local_artifacts PASSED [  9%]
tests/unit/test_benchmark_profiles.py::test_builtin_h5_profile_sets_manifest_hybrid_rerank_defaults PASSED [  9%]
tests/unit/test_benchmark_profiles.py::test_benchmark_asset_service_skips_existing_assets PASSED [  9%]
tests/unit/test_benchmark_profiles.py::test_benchmark_asset_service_declines_without_tty PASSED [  9%]
tests/unit/test_benchmark_profiles.py::test_benchmark_asset_service_prompts_on_stderr PASSED [  9%]
tests/unit/test_build_eval_report.py::test_report_normalizes_experiment_json_shape PASSED [  9%]
tests/unit/test_build_eval_report.py::test_report_normalizes_direct_results_json_shape PASSED [ 10%]
tests/unit/test_build_eval_report.py::test_report_normalizes_single_evaluate_json_shape PASSED [ 10%]
tests/unit/test_build_eval_report.py::test_report_renders_confidence_interval_table PASSED [ 10%]
tests/unit/test_build_eval_report.py::test_report_renders_bucket_summary_when_details_are_present PASSED [ 10%]
tests/unit/test_cli_helpers.py::test_normalize_command_homoglyphs_fixes_provider_typo_without_touching_query PASSED [ 10%]
tests/unit/test_cli_helpers.py::test_make_search_agent_runner_uses_gemini_cli_provider PASSED [ 10%]
tests/unit/test_cli_helpers.py::test_make_search_agent_runner_uses_agy_cli_provider PASSED [ 10%]
tests/unit/test_cli_helpers.py::test_search_agent_prompt_keeps_external_cli_queries_raw PASSED [ 10%]
tests/unit/test_cli_helpers.py::test_gemini_cli_agent_runner_strips_cli_noise PASSED [ 10%]
tests/unit/test_cli_helpers.py::test_config_for_indexing_hypothesis_isolates_qdrant_json_and_graph_artifacts PASSED [ 10%]
tests/unit/test_cli_helpers.py::test_prepare_index_collection_rejects_existing_collection_without_flag PASSED [ 10%]
tests/unit/test_cli_helpers.py::test_prepare_index_collection_allows_update_index PASSED [ 10%]
tests/unit/test_cli_helpers.py::test_prepare_index_collection_override_deletes_repo_prefix PASSED [ 10%]
tests/unit/test_cli_helpers.py::test_current_repo_collection_prefix_falls_back_to_collection_name PASSED [ 10%]
tests/unit/test_cli_helpers.py::test_cmd_init_installs_pi_runtime_before_runtime_wizard PASSED [ 11%]
tests/unit/test_cli_helpers.py::test_cmd_init_warns_when_storage_runtime_is_unavailable PASSED [ 11%]
tests/unit/test_cli_helpers.py::test_make_search_tool_handler_reuses_injected_strategy PASSED [ 11%]
tests/unit/test_cli_helpers.py::test_make_ephemeral_search_tool_handler_returns_timing_metrics PASSED [ 11%]
tests/unit/test_cli_helpers.py::test_direct_search_eval_result_classifies_query_bucket PASSED [ 11%]
tests/unit/test_cli_helpers.py::test_direct_search_eval_result_matches_glob_expected_file_patterns PASSED [ 11%]
tests/unit/test_cli_helpers.py::test_direct_search_eval_result_matches_symbol_id_prefixes PASSED [ 11%]
tests/unit/test_cli_helpers.py::test_direct_search_metrics_report_file_hit_at_k_after_file_deduplication PASSED [ 11%]
tests/unit/test_cli_helpers.py::test_openai_compatible_provider_does_not_inherit_store_dimensions PASSED [ 11%]
tests/unit/test_cli_helpers.py::test_embedding_provider_rejects_stale_artifact_provider PASSED [ 11%]
tests/unit/test_cli_helpers.py::test_embedding_provider_rejects_stale_artifact_model PASSED [ 11%]
tests/unit/test_cli_helpers.py::test_embedding_provider_rejects_stale_artifact_dimensions PASSED [ 11%]
tests/unit/test_cli_helpers.py::test_cmd_monitor_requires_explicit_trace_when_tracing_is_disabled PASSED [ 11%]
tests/unit/test_cli_helpers.py::test_cmd_provider_test_outputs_json PASSED [ 12%]
tests/unit/test_cli_helpers.py::test_cmd_provider_batch_test_outputs_json PASSED [ 12%]
tests/unit/test_cli_helpers.py::test_search_agent_binary_available_reports_missing_binary PASSED [ 12%]
tests/unit/test_cli_helpers.py::test_cmd_search_falls_back_to_deterministic_results_when_agent_binary_is_missing PASSED [ 12%]
tests/unit/test_cli_helpers.py::test_chat_prompt_and_session_supports_resume_sugar PASSED [ 12%]
tests/unit/test_cli_helpers.py::test_chat_prompt_and_session_starts_fresh_chat_without_user_message PASSED [ 12%]
tests/unit/test_cli_helpers.py::test_chat_prompt_and_session_supports_continue_flag PASSED [ 12%]
tests/unit/test_clickhouse_metrics_repository.py::test_clickhouse_repository_creates_schema_and_saves_rows PASSED [ 12%]
tests/unit/test_clobber_guard.py::test_allow_overwrite_from_env_defaults_false PASSED [ 12%]
tests/unit/test_clobber_guard.py::test_allow_overwrite_from_env_falsy_values[] PASSED [ 12%]
tests/unit/test_clobber_guard.py::test_allow_overwrite_from_env_falsy_values[0] PASSED [ 12%]
tests/unit/test_clobber_guard.py::test_allow_overwrite_from_env_falsy_values[false] PASSED [ 12%]
tests/unit/test_clobber_guard.py::test_allow_overwrite_from_env_falsy_values[False] PASSED [ 12%]
tests/unit/test_clobber_guard.py::test_allow_overwrite_from_env_truthy_value PASSED [ 12%]
tests/unit/test_clobber_guard.py::test_guard_raises_when_any_path_exists PASSED [ 13%]
tests/unit/test_clobber_guard.py::test_guard_ignores_none_paths PASSED   [ 13%]
tests/unit/test_clobber_guard.py::test_guard_permits_overwrite_when_allowed PASSED [ 13%]
tests/unit/test_clobber_guard.py::test_guard_passes_when_nothing_exists PASSED [ 13%]
tests/unit/test_clobber_guard.py::test_module_is_importable_standalone_without_code_diver PASSED [ 13%]
tests/unit/test_clobber_guard.py::test_call_site_resolves_guard_symbols_from_shared_module[rejudge_answer_report] PASSED [ 13%]
tests/unit/test_clobber_guard.py::test_call_site_resolves_guard_symbols_from_shared_module[run_postrank_h2_benchmark] PASSED [ 13%]
tests/unit/test_clobber_guard.py::test_call_site_resolves_guard_symbols_from_shared_module[run_postrank_h2_deterministic] PASSED [ 13%]
tests/unit/test_code_diver_search_native.py::test_bm25_native_matches_python_formula PASSED [ 13%]
tests/unit/test_code_diver_search_native.py::test_propagate_file_scores_matches_python_decay PASSED [ 13%]
tests/unit/test_code_diver_search_native.py::test_expand_adjacency_matches_python_profile_decay PASSED [ 13%]
tests/unit/test_code_graph_builder.py::test_code_graph_builder_creates_python_import_edges PASSED [ 13%]
tests/unit/test_code_graph_builder.py::test_code_graph_builder_tolerates_non_utf8_source_for_import_edges PASSED [ 13%]
tests/unit/test_code_graph_builder.py::test_code_graph_builder_creates_symbol_reference_edges PASSED [ 13%]
tests/unit/test_code_graph_builder.py::test_code_graph_builder_creates_ast_contains_and_call_edges PASSED [ 14%]
tests/unit/test_code_graph_builder.py::test_code_graph_builder_links_file_summary_to_file_items PASSED [ 14%]
tests/unit/test_code_graph_builder.py::test_code_graph_builder_does_not_treat_file_metadata_kinds_as_symbols PASSED [ 14%]
tests/unit/test_code_graph_builder.py::test_code_graph_builder_limits_reference_edges_per_source PASSED [ 14%]
tests/unit/test_code_graph_builder.py::test_code_graph_builder_can_disable_reference_edges PASSED [ 14%]
tests/unit/test_code_graph_builder.py::test_code_graph_builder_can_disable_call_edges PASSED [ 14%]
tests/unit/test_code_graph_builder.py::test_code_graph_builder_links_documentation_chunks_to_summary PASSED [ 14%]
tests/unit/test_code_graph_builder.py::test_code_graph_builder_links_documentation_path_references_to_code_file PASSED [ 14%]
tests/unit/test_code_graph_builder.py::test_code_graph_builder_creates_jvm_import_edges_across_source_roots PASSED [ 14%]
tests/unit/test_code_graph_builder.py::test_code_graph_builder_ignores_jvm_imports_outside_the_repository PASSED [ 14%]
tests/unit/test_code_graph_builder.py::test_code_graph_builder_resolves_static_and_nested_jvm_imports PASSED [ 14%]
tests/unit/test_code_graph_builder.py::test_code_graph_builder_does_not_match_a_same_named_class_in_another_package PASSED [ 14%]
tests/unit/test_code_symbol_extractor.py::test_code_symbol_extractor_handles_java_modifiers PASSED [ 14%]
tests/unit/test_code_symbol_extractor.py::test_code_symbol_extractor_handles_kotlin_declarations PASSED [ 14%]
tests/unit/test_codebase_scanner.py::test_scanner_chunks_text_files_and_preserves_line_ranges PASSED [ 15%]
tests/unit/test_codebase_scanner.py::test_scanner_can_disable_line_chunks PASSED [ 15%]
tests/unit/test_codebase_scanner.py::test_scanner_skips_binary_and_excluded_paths PASSED [ 15%]
tests/unit/test_codebase_scanner.py::test_scanner_respects_gitignore_when_ripgrep_is_available PASSED [ 15%]
tests/unit/test_codebase_scanner.py::test_scanner_can_chunk_python_symbols PASSED [ 15%]
tests/unit/test_codebase_scanner.py::test_scanner_can_index_symbol_signatures_without_bodies PASSED [ 15%]
tests/unit/test_codebase_scanner.py::test_scanner_can_use_structural_chunks PASSED [ 15%]
tests/unit/test_codebase_scanner.py::test_scanner_suppresses_python_invalid_escape_warnings PASSED [ 15%]
tests/unit/test_codebase_scanner.py::test_scanner_can_add_file_summary_items PASSED [ 15%]
tests/unit/test_codebase_scanner.py::test_scanner_can_add_file_manifest_items PASSED [ 15%]
tests/unit/test_codebase_scanner.py::test_file_manifest_symbol_surface_replaces_path_boilerplate PASSED [ 15%]
tests/unit/test_codebase_scanner.py::test_file_manifest_symbol_surface_keeps_config_keys PASSED [ 15%]
tests/unit/test_codebase_scanner.py::test_file_manifest_extracts_config_keys PASSED [ 15%]
tests/unit/test_codebase_scanner.py::test_scanner_can_add_documentation_lane_items PASSED [ 16%]
tests/unit/test_codebase_scanner.py::test_scanner_can_add_documentation_chunks_without_code_line_chunks PASSED [ 16%]
tests/unit/test_codebase_scanner.py::test_scanner_can_add_file_api_manifest_items PASSED [ 16%]
tests/unit/test_codebase_scanner.py::test_scanner_can_add_file_body_evidence_items PASSED [ 16%]
tests/unit/test_codebase_scanner.py::test_nested_vendor_directory_is_excluded_at_any_depth PASSED [ 16%]
tests/unit/test_codebase_scanner.py::test_default_test_source_directories_are_excluded_at_any_depth PASSED [ 16%]
tests/unit/test_codebase_scanner.py::test_sibling_virtualenvs_are_excluded_not_only_dot_venv PASSED [ 16%]
tests/unit/test_codebase_scanner.py::test_doublestar_prefixed_directory_patterns_exclude_at_any_depth PASSED [ 16%]
tests/unit/test_codebase_scanner.py::test_anchored_multi_segment_directory_pattern_stays_rooted PASSED [ 16%]
tests/unit/test_codebase_scanner.py::test_file_glob_exclude_patterns_keep_plain_fnmatch_semantics PASSED [ 16%]
tests/unit/test_codebase_scanner.py::test_rg_and_walk_enumeration_branches_agree_on_exclusions PASSED [ 16%]
tests/unit/test_codebase_scanner.py::test_both_enumeration_branches_consult_the_shared_exclusion_predicate PASSED [ 16%]
tests/unit/test_codebase_scanner.py::test_scanner_can_limit_symbols_per_file PASSED [ 16%]
tests/unit/test_compare_arm_runs.py::test_non_overlapping_case_ids_have_empty_intersection PASSED [ 16%]
tests/unit/test_compare_arm_runs.py::test_partial_overlap_compares_only_shared_ids PASSED [ 17%]
tests/unit/test_compare_arm_runs.py::test_metric_missing_on_one_side_is_excluded_from_n_not_defaulted_to_zero PASSED [ 17%]
tests/unit/test_compare_arm_runs.py::test_sign_test_p_value_matches_known_fixtures[6-0-0.03125] PASSED [ 17%]
tests/unit/test_compare_arm_runs.py::test_sign_test_p_value_matches_known_fixtures[6-1-0.125] PASSED [ 17%]
tests/unit/test_compare_arm_runs.py::test_sign_test_p_value_matches_known_fixtures[0-0-1.0] PASSED [ 17%]
tests/unit/test_compare_arm_runs.py::test_sign_test_p_value_is_symmetric_in_up_and_down PASSED [ 17%]
tests/unit/test_compare_arm_runs.py::test_metric_with_non_binary_values_is_not_treated_as_binary PASSED [ 17%]
tests/unit/test_compare_arm_runs.py::test_all_zero_one_values_on_both_sides_is_binary PASSED [ 17%]
tests/unit/test_compare_arm_runs.py::test_load_report_requires_results_key PASSED [ 17%]
tests/unit/test_compare_arm_runs.py::test_index_rows_requires_case_id PASSED [ 17%]
tests/unit/test_compare_arm_runs.py::test_wilson_interval_contains_the_point_estimate PASSED [ 17%]
tests/unit/test_compare_arm_runs.py::test_compute_metric_stats_reports_up_down_and_p_for_binary_metric PASSED [ 17%]
tests/unit/test_compare_arm_runs.py::test_main_exits_nonzero_when_intersection_is_empty PASSED [ 17%]
tests/unit/test_compare_arm_runs.py::test_default_metrics_reports_citation_expected_recall_first_as_primary PASSED [ 17%]
tests/unit/test_compare_arm_runs.py::test_main_reports_citation_expected_recall_with_correct_paired_delta PASSED [ 18%]
tests/unit/test_compare_arm_runs.py::test_footer_ranks_on_citation_expected_recall_not_answer_grounded PASSED [ 18%]
tests/unit/test_compare_arm_runs.py::test_main_writes_json_out_for_matched_partial_reports PASSED [ 18%]
tests/unit/test_compare_arm_runs.py::test_named_stages_partition_the_total_exactly PASSED [ 18%]
tests/unit/test_compare_arm_runs.py::test_stage_shares_survive_a_uniform_slowdown_that_moves_every_second PASSED [ 18%]
tests/unit/test_compare_arm_runs.py::test_a_real_stage_swap_shows_up_in_the_share_column PASSED [ 18%]
tests/unit/test_compare_arm_runs.py::test_stage_seconds_falls_back_to_the_query_plan_payload_on_older_reports PASSED [ 18%]
tests/unit/test_compare_arm_runs.py::test_search_never_reports_negative_seconds PASSED [ 18%]
tests/unit/test_config_extra_body_invariants.py::test_config_never_places_chat_template_options_directly_in_extra_body[answer-judge-local-gemma4-12b-gguf.yml] PASSED [ 18%]
tests/unit/test_config_extra_body_invariants.py::test_config_never_places_chat_template_options_directly_in_extra_body[answer-judge-local-gemma4-12b.yml] PASSED [ 18%]
tests/unit/test_config_extra_body_invariants.py::test_config_never_places_chat_template_options_directly_in_extra_body[answer-judge-local-qwen35-9b.yml] PASSED [ 18%]
tests/unit/test_config_extra_body_invariants.py::test_config_never_places_chat_template_options_directly_in_extra_body[benchmarks/codesearchnet-agent-axis-embeddinggemma-100.yml] PASSED [ 18%]
tests/unit/test_config_extra_body_invariants.py::test_config_never_places_chat_template_options_directly_in_extra_body[benchmarks/codesearchnet-agent-axis-embeddinggemma-1000.yml] PASSED [ 18%]
tests/unit/test_config_extra_body_invariants.py::test_config_never_places_chat_template_options_directly_in_extra_body[benchmarks/codesearchnet-agent-axis-local-100-h7-api-manifest.yml] PASSED [ 18%]
tests/unit/test_config_extra_body_invariants.py::test_config_never_places_chat_template_options_directly_in_extra_body[benchmarks/codesearchnet-agent-axis-local-100-h7-query-expansion.yml] PASSED [ 19%]
tests/unit/test_config_extra_body_invariants.py::test_config_never_places_chat_template_options_directly_in_extra_body[benchmarks/codesearchnet-agent-axis-local-100.yml] PASSED [ 19%]
tests/unit/test_config_extra_body_invariants.py::test_config_never_places_chat_template_options_directly_in_extra_body[benchmarks/codesearchnet-gemma4-12b-rerank-100.yml] PASSED [ 19%]
tests/unit/test_config_extra_body_invariants.py::test_config_never_places_chat_template_options_directly_in_extra_body[benchmarks/codesearchnet-gemma4-12b-rerank-200.yml] PASSED [ 19%]
tests/unit/test_config_extra_body_invariants.py::test_config_never_places_chat_template_options_directly_in_extra_body[benchmarks/codesearchnet-h10-graph-file-qwen-quality-100.yml] PASSED [ 19%]
tests/unit/test_config_extra_body_invariants.py::test_config_never_places_chat_template_options_directly_in_extra_body[benchmarks/codesearchnet-h10-graph-file-vertex-1000.yml] PASSED [ 19%]
tests/unit/test_config_extra_body_invariants.py::test_config_never_places_chat_template_options_directly_in_extra_body[benchmarks/codesearchnet-h10-graph-file-vertex-context-100.yml] PASSED [ 19%]
tests/unit/test_config_extra_body_invariants.py::test_config_never_places_chat_template_options_directly_in_extra_body[benchmarks/codesearchnet-h12-graph-context-vertex-1000.yml] PASSED [ 19%]
tests/unit/test_config_extra_body_invariants.py::test_config_never_places_chat_template_options_directly_in_extra_body[benchmarks/codesearchnet-h37-champion-xenc-1000.yml] PASSED [ 19%]
tests/unit/test_config_extra_body_invariants.py::test_config_never_places_chat_template_options_directly_in_extra_body[benchmarks/codesearchnet-h44-no-xenc-1000.yml] PASSED [ 19%]
tests/unit/test_config_extra_body_invariants.py::test_config_never_places_chat_template_options_directly_in_extra_body[benchmarks/codesearchnet-h6-embeddinggemma-llm-rerank-100.yml] PASSED [ 19%]
tests/unit/test_config_extra_body_invariants.py::test_config_never_places_chat_template_options_directly_in_extra_body[benchmarks/codesearchnet-h6-embeddinggemma-reranker-100.yml] PASSED [ 19%]
tests/unit/test_config_extra_body_invariants.py::test_config_never_places_chat_template_options_directly_in_extra_body[benchmarks/codesearchnet-h6-hybrid-vertex-1000.yml] PASSED [ 19%]
tests/unit/test_config_extra_body_invariants.py::test_config_never_places_chat_template_options_directly_in_extra_body[benchmarks/codesearchnet-h7-query-expansion-embeddinggemma-1000.yml] PASSED [ 20%]
tests/unit/test_config_extra_body_invariants.py::test_config_never_places_chat_template_options_directly_in_extra_body[benchmarks/codesearchnet-h7-qwen3-reranker-0_6b-preserve-100.yml] PASSED [ 20%]
tests/unit/test_config_extra_body_invariants.py::test_config_never_places_chat_template_options_directly_in_extra_body[benchmarks/codesearchnet-h8-file-graphrag-embeddinggemma-1000.yml] PASSED [ 20%]
tests/unit/test_config_extra_body_invariants.py::test_config_never_places_chat_template_options_directly_in_extra_body[benchmarks/codesearchnet-h8-gemini-lite-rerank-1000.yml] PASSED [ 20%]
tests/unit/test_config_extra_body_invariants.py::test_config_never_places_chat_template_options_directly_in_extra_body[benchmarks/codesearchnet-h9-body-evidence-bounded-embeddinggemma-1000.yml] PASSED [ 20%]
tests/unit/test_config_extra_body_invariants.py::test_config_never_places_chat_template_options_directly_in_extra_body[benchmarks/codesearchnet-h9-body-evidence-embeddinggemma-1000.yml] PASSED [ 20%]
tests/unit/test_config_extra_body_invariants.py::test_config_never_places_chat_template_options_directly_in_extra_body[benchmarks/codesearchnet-mteb-python-h2-line-symbol-hybrid.yml] PASSED [ 20%]
tests/unit/test_config_extra_body_invariants.py::test_config_never_places_chat_template_options_directly_in_extra_body[benchmarks/codesearchnet-mteb-python-h2-summary-manifest-hybrid.yml] PASSED [ 20%]
tests/unit/test_config_extra_body_invariants.py::test_config_never_places_chat_template_options_directly_in_extra_body[benchmarks/codesearchnet-mteb-python-h3-agentic.yml] PASSED [ 20%]
tests/unit/test_config_extra_body_invariants.py::test_config_never_places_chat_template_options_directly_in_extra_body[benchmarks/codesearchnet-mteb-python-h5-embeddinggemma-quality.yml] PASSED [ 20%]
tests/unit/test_config_extra_body_invariants.py::test_config_never_places_chat_template_options_directly_in_extra_body[benchmarks/codesearchnet-mteb-python-h5-qwen-quality.yml] PASSED [ 20%]
tests/unit/test_config_extra_body_invariants.py::test_config_never_places_chat_template_options_directly_in_extra_body[benchmarks/codesearchnet-mteb-python-hash.yml] PASSED [ 20%]
tests/unit/test_config_extra_body_invariants.py::test_config_never_places_chat_template_options_directly_in_extra_body[benchmarks/codesearchnet-mteb-python-pure-h3.yml] PASSED [ 20%]
tests/unit/test_config_extra_body_invariants.py::test_config_never_places_chat_template_options_directly_in_extra_body[benchmarks/swebench-h7-query-expansion-embeddinggemma-100.yml] PASSED [ 20%]
tests/unit/test_config_extra_body_invariants.py::test_config_never_places_chat_template_options_directly_in_extra_body[benchmarks/swebench-h9-body-evidence-embeddinggemma-100.yml] PASSED [ 21%]
tests/unit/test_config_extra_body_invariants.py::test_config_never_places_chat_template_options_directly_in_extra_body[benchmarks/swebench-verified-mteb-500.yml] PASSED [ 21%]
tests/unit/test_config_extra_body_invariants.py::test_config_never_places_chat_template_options_directly_in_extra_body[codesearchnet-agent-axis-embeddinggemma-100.yml] PASSED [ 21%]
tests/unit/test_config_extra_body_invariants.py::test_config_never_places_chat_template_options_directly_in_extra_body[codesearchnet-agent-axis-embeddinggemma-1000.yml] PASSED [ 21%]
tests/unit/test_config_extra_body_invariants.py::test_config_never_places_chat_template_options_directly_in_extra_body[codesearchnet-h6-embeddinggemma-reranker-100.yml] PASSED [ 21%]
tests/unit/test_config_extra_body_invariants.py::test_config_never_places_chat_template_options_directly_in_extra_body[codesearchnet-local-embedding-axis-100.yml] PASSED [ 21%]
tests/unit/test_config_extra_body_invariants.py::test_config_never_places_chat_template_options_directly_in_extra_body[codesearchnet-local-embedding-axis-1000.yml] PASSED [ 21%]
tests/unit/test_config_extra_body_invariants.py::test_config_never_places_chat_template_options_directly_in_extra_body[codesearchnet-local-gemma-ranker-slice.yml] PASSED [ 21%]
tests/unit/test_config_extra_body_invariants.py::test_config_never_places_chat_template_options_directly_in_extra_body[codesearchnet-mteb-python-h2-line-symbol-hybrid.yml] PASSED [ 21%]
tests/unit/test_config_extra_body_invariants.py::test_config_never_places_chat_template_options_directly_in_extra_body[codesearchnet-mteb-python-h2-summary-manifest-hybrid.yml] PASSED [ 21%]
tests/unit/test_config_extra_body_invariants.py::test_config_never_places_chat_template_options_directly_in_extra_body[codesearchnet-mteb-python-h3-agentic.yml] PASSED [ 21%]
tests/unit/test_config_extra_body_invariants.py::test_config_never_places_chat_template_options_directly_in_extra_body[codesearchnet-mteb-python-h5-embeddinggemma-quality.yml] PASSED [ 21%]
tests/unit/test_config_extra_body_invariants.py::test_config_never_places_chat_template_options_directly_in_extra_body[codesearchnet-mteb-python-h5-qwen-graph-quality.yml] PASSED [ 21%]
tests/unit/test_config_extra_body_invariants.py::test_config_never_places_chat_template_options_directly_in_extra_body[codesearchnet-mteb-python-h5-qwen-quality.yml] PASSED [ 21%]
tests/unit/test_config_extra_body_invariants.py::test_config_never_places_chat_template_options_directly_in_extra_body[codesearchnet-mteb-python-hash.yml] PASSED [ 22%]
tests/unit/test_config_extra_body_invariants.py::test_config_never_places_chat_template_options_directly_in_extra_body[codesearchnet-mteb-python-pure-h3.yml] PASSED [ 22%]
tests/unit/test_config_extra_body_invariants.py::test_config_never_places_chat_template_options_directly_in_extra_body[container-protogen.yml] PASSED [ 22%]
tests/unit/test_config_extra_body_invariants.py::test_config_never_places_chat_template_options_directly_in_extra_body[container.yml] PASSED [ 22%]
tests/unit/test_config_extra_body_invariants.py::test_config_never_places_chat_template_options_directly_in_extra_body[context-awareness/protogen-h10-gemma26-no-context.yml] PASSED [ 22%]
tests/unit/test_config_extra_body_invariants.py::test_config_never_places_chat_template_options_directly_in_extra_body[context-awareness/protogen-h10-gemma26-readme-summary.yml] PASSED [ 22%]
tests/unit/test_config_extra_body_invariants.py::test_config_never_places_chat_template_options_directly_in_extra_body[context-awareness/protogen-h12-dual-lane-gemma26.yml] PASSED [ 22%]
tests/unit/test_config_extra_body_invariants.py::test_config_never_places_chat_template_options_directly_in_extra_body[context-awareness/protogen-h12a-context-artifact-vertex.yml] PASSED [ 22%]
tests/unit/test_config_extra_body_invariants.py::test_config_never_places_chat_template_options_directly_in_extra_body[context-awareness/protogen-h12b-doc-vector-lane-vertex.yml] PASSED [ 22%]
tests/unit/test_config_extra_body_invariants.py::test_config_never_places_chat_template_options_directly_in_extra_body[context-awareness/protogen-h13-gemma26-agentic-doc-graph.yml] PASSED [ 22%]
tests/unit/test_config_extra_body_invariants.py::test_config_never_places_chat_template_options_directly_in_extra_body[context-awareness/protogen-h14-gemma26-text-graph-embeddinggemma.yml] PASSED [ 22%]
tests/unit/test_config_extra_body_invariants.py::test_config_never_places_chat_template_options_directly_in_extra_body[context-awareness/protogen-h14-gemma26-text-graph.yml] PASSED [ 22%]
tests/unit/test_config_extra_body_invariants.py::test_config_never_places_chat_template_options_directly_in_extra_body[context-awareness/protogen-h14-gemma4-12b-text-graph.yml] PASSED [ 22%]
tests/unit/test_config_extra_body_invariants.py::test_config_never_places_chat_template_options_directly_in_extra_body[context-awareness/protogen-h14-gemma4-e2b-text-graph.yml] PASSED [ 22%]
tests/unit/test_config_extra_body_invariants.py::test_config_never_places_chat_template_options_directly_in_extra_body[context-awareness/protogen-h14-gemma4-e4b-text-graph.yml] PASSED [ 23%]
tests/unit/test_config_extra_body_invariants.py::test_config_never_places_chat_template_options_directly_in_extra_body[context-awareness/protogen-h14-qwen35-4b-text-graph.yml] PASSED [ 23%]
tests/unit/test_config_extra_body_invariants.py::test_config_never_places_chat_template_options_directly_in_extra_body[context-awareness/protogen-h14-qwen35-9b-text-graph.yml] PASSED [ 23%]
tests/unit/test_config_extra_body_invariants.py::test_config_never_places_chat_template_options_directly_in_extra_body[context-awareness/protogen-h16-qwen35-4b-depth.yml] PASSED [ 23%]
tests/unit/test_config_extra_body_invariants.py::test_config_never_places_chat_template_options_directly_in_extra_body[context-awareness/protogen-h17-ctrl.yml] PASSED [ 23%]
tests/unit/test_config_extra_body_invariants.py::test_config_never_places_chat_template_options_directly_in_extra_body[context-awareness/protogen-h17-emb1200.yml] PASSED [ 23%]
tests/unit/test_config_extra_body_invariants.py::test_config_never_places_chat_template_options_directly_in_extra_body[context-awareness/protogen-h17-nocaps.yml] PASSED [ 23%]
tests/unit/test_config_extra_body_invariants.py::test_config_never_places_chat_template_options_directly_in_extra_body[context-awareness/protogen-h18-lean.yml] PASSED [ 23%]
tests/unit/test_config_extra_body_invariants.py::test_config_never_places_chat_template_options_directly_in_extra_body[context-awareness/protogen-h19-depth20.yml] PASSED [ 23%]
tests/unit/test_config_extra_body_invariants.py::test_config_never_places_chat_template_options_directly_in_extra_body[context-awareness/protogen-h19-depth60.yml] PASSED [ 23%]
tests/unit/test_config_extra_body_invariants.py::test_config_never_places_chat_template_options_directly_in_extra_body[context-awareness/protogen-h20-e2b.yml] PASSED [ 23%]
tests/unit/test_config_extra_body_invariants.py::test_config_never_places_chat_template_options_directly_in_extra_body[context-awareness/protogen-h21-gw0.00.yml] PASSED [ 23%]
tests/unit/test_config_extra_body_invariants.py::test_config_never_places_chat_template_options_directly_in_extra_body[context-awareness/protogen-h21-gw0.15.yml] PASSED [ 23%]
tests/unit/test_config_extra_body_invariants.py::test_config_never_places_chat_template_options_directly_in_extra_body[context-awareness/protogen-h21-gw0.30.yml] PASSED [ 24%]
tests/unit/test_config_extra_body_invariants.py::test_config_never_places_chat_template_options_directly_in_extra_body[context-awareness/protogen-h21-gw0.60.yml] PASSED [ 24%]
tests/unit/test_config_extra_body_invariants.py::test_config_never_places_chat_template_options_directly_in_extra_body[context-awareness/protogen-h21-gw0.80.yml] PASSED [ 24%]
tests/unit/test_config_extra_body_invariants.py::test_config_never_places_chat_template_options_directly_in_extra_body[context-awareness/protogen-h22-qwen4b-plain.yml] PASSED [ 24%]
tests/unit/test_config_extra_body_invariants.py::test_config_never_places_chat_template_options_directly_in_extra_body[context-awareness/protogen-h22-qwen9b.yml] PASSED [ 24%]
tests/unit/test_config_extra_body_invariants.py::test_config_never_places_chat_template_options_directly_in_extra_body[context-awareness/protogen-h23-e4b-optiq.yml] PASSED [ 24%]
tests/unit/test_config_extra_body_invariants.py::test_config_never_places_chat_template_options_directly_in_extra_body[context-awareness/protogen-h25-e2b-rerank.yml] PASSED [ 24%]
tests/unit/test_config_extra_body_invariants.py::test_config_never_places_chat_template_options_directly_in_extra_body[context-awareness/protogen-h26-fl10.yml] PASSED [ 24%]
tests/unit/test_config_extra_body_invariants.py::test_config_never_places_chat_template_options_directly_in_extra_body[context-awareness/protogen-h26-fl160.yml] PASSED [ 24%]
tests/unit/test_config_extra_body_invariants.py::test_config_never_places_chat_template_options_directly_in_extra_body[context-awareness/protogen-h26-fl20.yml] PASSED [ 24%]
tests/unit/test_config_extra_body_invariants.py::test_config_never_places_chat_template_options_directly_in_extra_body[context-awareness/protogen-h26-fl80.yml] PASSED [ 24%]
tests/unit/test_config_extra_body_invariants.py::test_config_never_places_chat_template_options_directly_in_extra_body[context-awareness/protogen-h28-cross-encoder.yml] PASSED [ 24%]
tests/unit/test_config_extra_body_invariants.py::test_config_never_places_chat_template_options_directly_in_extra_body[context-awareness/protogen-h29-ctrl-strict-cite.yml] PASSED [ 24%]
tests/unit/test_config_extra_body_invariants.py::test_config_never_places_chat_template_options_directly_in_extra_body[context-awareness/protogen-h29-xenc-strict-cite.yml] PASSED [ 24%]
tests/unit/test_config_extra_body_invariants.py::test_config_never_places_chat_template_options_directly_in_extra_body[context-awareness/protogen-h45-search-graph-off-no-xenc.yml] PASSED [ 25%]
tests/unit/test_config_extra_body_invariants.py::test_config_never_places_chat_template_options_directly_in_extra_body[context-awareness/protogen-h45-search-graph-off.yml] PASSED [ 25%]
tests/unit/test_config_extra_body_invariants.py::test_config_never_places_chat_template_options_directly_in_extra_body[context-awareness/protogen-h45-search-graph-on.yml] PASSED [ 25%]
tests/unit/test_config_extra_body_invariants.py::test_config_never_places_chat_template_options_directly_in_extra_body[context-awareness/protogen-h7-gemma-e2b-readme-summary.yml] PASSED [ 25%]
tests/unit/test_config_extra_body_invariants.py::test_config_never_places_chat_template_options_directly_in_extra_body[context-awareness/protogen-h7-gemma26-no-context.yml] PASSED [ 25%]
tests/unit/test_config_extra_body_invariants.py::test_config_never_places_chat_template_options_directly_in_extra_body[context-awareness/protogen-h7-gemma26-readme-summary.yml] PASSED [ 25%]
tests/unit/test_config_extra_body_invariants.py::test_config_never_places_chat_template_options_directly_in_extra_body[context-awareness/protogen-h8-gemma26-no-context.yml] PASSED [ 25%]
tests/unit/test_config_extra_body_invariants.py::test_config_never_places_chat_template_options_directly_in_extra_body[context-awareness/protogen-h8-gemma26-readme-summary.yml] PASSED [ 25%]
tests/unit/test_config_extra_body_invariants.py::test_config_never_places_chat_template_options_directly_in_extra_body[explainers/gemma4-12b-local.yml] PASSED [ 25%]
tests/unit/test_config_extra_body_invariants.py::test_config_never_places_chat_template_options_directly_in_extra_body[explainers/gemma4-26b-local.yml] PASSED [ 25%]
tests/unit/test_config_extra_body_invariants.py::test_config_never_places_chat_template_options_directly_in_extra_body[explainers/gemma4-e2b-local.yml] PASSED [ 25%]
tests/unit/test_config_extra_body_invariants.py::test_config_never_places_chat_template_options_directly_in_extra_body[explainers/gemma4-e4b-local.yml] PASSED [ 25%]
tests/unit/test_config_extra_body_invariants.py::test_config_never_places_chat_template_options_directly_in_extra_body[explainers/qwen35-4b-local.yml] PASSED [ 25%]
tests/unit/test_config_extra_body_invariants.py::test_config_never_places_chat_template_options_directly_in_extra_body[explainers/qwen35-9b-local.yml] PASSED [ 25%]
tests/unit/test_config_extra_body_invariants.py::test_config_never_places_chat_template_options_directly_in_extra_body[explainers/vertex-gemini31-flash-lite.yml] PASSED [ 26%]
tests/unit/test_config_extra_body_invariants.py::test_config_never_places_chat_template_options_directly_in_extra_body[explanation-judge-gemma4-e2b.yml] PASSED [ 26%]
tests/unit/test_config_extra_body_invariants.py::test_config_never_places_chat_template_options_directly_in_extra_body[explanation-judge-gemma4-e4b.yml] PASSED [ 26%]
tests/unit/test_config_extra_body_invariants.py::test_config_never_places_chat_template_options_directly_in_extra_body[explanation-judge-qwen35-9b.yml] PASSED [ 26%]
tests/unit/test_config_extra_body_invariants.py::test_config_never_places_chat_template_options_directly_in_extra_body[explanation-judge-vertex-gemini31-flash-lite.yml] PASSED [ 26%]
tests/unit/test_config_extra_body_invariants.py::test_config_never_places_chat_template_options_directly_in_extra_body[grazi/grazi-h52-summary-head-first.yml] PASSED [ 26%]
tests/unit/test_config_extra_body_invariants.py::test_config_never_places_chat_template_options_directly_in_extra_body[intellij/intellij-community-compact-locator.yml] PASSED [ 26%]
tests/unit/test_config_extra_body_invariants.py::test_config_never_places_chat_template_options_directly_in_extra_body[intellij/intellij-community-file-locator.yml] PASSED [ 26%]
tests/unit/test_config_extra_body_invariants.py::test_config_never_places_chat_template_options_directly_in_extra_body[intellij/intellij-community-hybrid-quality.yml] PASSED [ 26%]
tests/unit/test_config_extra_body_invariants.py::test_config_never_places_chat_template_options_directly_in_extra_body[intellij/intellij-community-ollama-qdrant.yml] PASSED [ 26%]
tests/unit/test_config_extra_body_invariants.py::test_config_never_places_chat_template_options_directly_in_extra_body[intellij/intellij-community-vllm-qdrant.yml] PASSED [ 26%]
tests/unit/test_config_extra_body_invariants.py::test_config_never_places_chat_template_options_directly_in_extra_body[intellij/intellij-embedding-benchmark.yml] PASSED [ 26%]
tests/unit/test_config_extra_body_invariants.py::test_config_never_places_chat_template_options_directly_in_extra_body[intellij/intellij-h37-champion-xenc.yml] PASSED [ 26%]
tests/unit/test_config_extra_body_invariants.py::test_config_never_places_chat_template_options_directly_in_extra_body[intellij/intellij-h38-graph-off.yml] PASSED [ 27%]
tests/unit/test_config_extra_body_invariants.py::test_config_never_places_chat_template_options_directly_in_extra_body[intellij/intellij-h43-graph-off-no-xenc.yml] PASSED [ 27%]
tests/unit/test_config_extra_body_invariants.py::test_config_never_places_chat_template_options_directly_in_extra_body[intellij/intellij-h46-preserve-top.yml] PASSED [ 27%]
tests/unit/test_config_extra_body_invariants.py::test_config_never_places_chat_template_options_directly_in_extra_body[intellij/intellij-h48-pool-depth.yml] PASSED [ 27%]
tests/unit/test_config_extra_body_invariants.py::test_config_never_places_chat_template_options_directly_in_extra_body[intellij/intellij-h49-family-penalty.yml] PASSED [ 27%]
tests/unit/test_config_extra_body_invariants.py::test_config_never_places_chat_template_options_directly_in_extra_body[intellij/intellij-h49-widen-gate.yml] PASSED [ 27%]
tests/unit/test_config_extra_body_invariants.py::test_config_never_places_chat_template_options_directly_in_extra_body[intellij/intellij-h50-vector-lean.yml] PASSED [ 27%]
tests/unit/test_config_extra_body_invariants.py::test_config_never_places_chat_template_options_directly_in_extra_body[intellij/intellij-h50b-dense-only.yml] PASSED [ 27%]
tests/unit/test_config_extra_body_invariants.py::test_config_never_places_chat_template_options_directly_in_extra_body[intellij/intellij-h51-max-input-chars.yml] PASSED [ 27%]
tests/unit/test_config_extra_body_invariants.py::test_config_never_places_chat_template_options_directly_in_extra_body[intellij/intellij-h51b-manifest-weight-down.yml] PASSED [ 27%]
tests/unit/test_config_extra_body_invariants.py::test_config_never_places_chat_template_options_directly_in_extra_body[intellij/intellij-h52-query-prefix.yml] PASSED [ 27%]
tests/unit/test_config_extra_body_invariants.py::test_config_never_places_chat_template_options_directly_in_extra_body[intellij/intellij-h52-summary-head-first.yml] PASSED [ 27%]
tests/unit/test_config_extra_body_invariants.py::test_config_never_places_chat_template_options_directly_in_extra_body[intellij/intellij-h53-token-budget.yml] PASSED [ 27%]
tests/unit/test_config_extra_body_invariants.py::test_config_never_places_chat_template_options_directly_in_extra_body[intellij/intellij-h54-skip-manifest-vector.yml] PASSED [ 27%]
tests/unit/test_config_extra_body_invariants.py::test_config_never_places_chat_template_options_directly_in_extra_body[intellij/intellij-h55-ce-file-head.yml] PASSED [ 28%]
tests/unit/test_config_extra_body_invariants.py::test_config_never_places_chat_template_options_directly_in_extra_body[intellij/intellij-h57-llm-purpose.yml] PASSED [ 28%]
tests/unit/test_config_extra_body_invariants.py::test_config_never_places_chat_template_options_directly_in_extra_body[intellij/intellij-h58-prose-router.yml] PASSED [ 28%]
tests/unit/test_config_extra_body_invariants.py::test_config_never_places_chat_template_options_directly_in_extra_body[intellij/intellij-h59-file-purpose.yml] PASSED [ 28%]
tests/unit/test_config_extra_body_invariants.py::test_config_never_places_chat_template_options_directly_in_extra_body[intellij/intellij-h62-on-the-fly-mini-index.yml] PASSED [ 28%]
tests/unit/test_config_extra_body_invariants.py::test_config_never_places_chat_template_options_directly_in_extra_body[intellij/intellij-h64-arm1-wide-chunk-lane.yml] PASSED [ 28%]
tests/unit/test_config_extra_body_invariants.py::test_config_never_places_chat_template_options_directly_in_extra_body[intellij/intellij-h64-arm2-chunk-lane-path-dedup.yml] PASSED [ 28%]
tests/unit/test_config_extra_body_invariants.py::test_config_never_places_chat_template_options_directly_in_extra_body[intellij/intellij-h64-chunks.yml] PASSED [ 28%]
tests/unit/test_config_extra_body_invariants.py::test_config_never_places_chat_template_options_directly_in_extra_body[intellij/intellij-h66-purpose-terms.yml] PASSED [ 28%]
tests/unit/test_config_extra_body_invariants.py::test_config_never_places_chat_template_options_directly_in_extra_body[intellij/intellij-h66b-budget.yml] PASSED [ 28%]
tests/unit/test_config_extra_body_invariants.py::test_config_never_places_chat_template_options_directly_in_extra_body[intellij/intellij-h66b-champion.yml] PASSED [ 28%]
tests/unit/test_config_extra_body_invariants.py::test_config_never_places_chat_template_options_directly_in_extra_body[intellij/intellij-h66c-dualvector.yml] PASSED [ 28%]
tests/unit/test_config_extra_body_invariants.py::test_config_never_places_chat_template_options_directly_in_extra_body[intellij/intellij-h66d-fullpath.yml] PASSED [ 28%]
tests/unit/test_config_extra_body_invariants.py::test_config_never_places_chat_template_options_directly_in_extra_body[intellij/intellij-h69-no-stopwords.yml] PASSED [ 28%]
tests/unit/test_config_extra_body_invariants.py::test_config_never_places_chat_template_options_directly_in_extra_body[intellij/intellij-h70-budget-expand.yml] PASSED [ 29%]
tests/unit/test_config_extra_body_invariants.py::test_config_never_places_chat_template_options_directly_in_extra_body[intellij/intellij-h70-wide-window.yml] PASSED [ 29%]
tests/unit/test_config_extra_body_invariants.py::test_config_never_places_chat_template_options_directly_in_extra_body[intellij/intellij-h73-dual-collection.yml] PASSED [ 29%]
tests/unit/test_config_extra_body_invariants.py::test_config_never_places_chat_template_options_directly_in_extra_body[intellij/intellij-h74-agentic-where.yml] PASSED [ 29%]
tests/unit/test_config_extra_body_invariants.py::test_config_never_places_chat_template_options_directly_in_extra_body[intellij/intellij-h77-seed-parity.yml] PASSED [ 29%]
tests/unit/test_config_extra_body_invariants.py::test_config_never_places_chat_template_options_directly_in_extra_body[intellij/intellij-h78-ce-doc-window.yml] PASSED [ 29%]
tests/unit/test_config_extra_body_invariants.py::test_config_never_places_chat_template_options_directly_in_extra_body[intellij/intellij-h79-preserve-top2.yml] PASSED [ 29%]
tests/unit/test_config_extra_body_invariants.py::test_config_never_places_chat_template_options_directly_in_extra_body[intellij/intellij-h79b-preserve-top3.yml] PASSED [ 29%]
tests/unit/test_config_extra_body_invariants.py::test_config_never_places_chat_template_options_directly_in_extra_body[intellij/intellij-h80-ltr.yml] PASSED [ 29%]
tests/unit/test_config_extra_body_invariants.py::test_config_never_places_chat_template_options_directly_in_extra_body[intellij/intellij-h81-fusion-width.yml] PASSED [ 29%]
tests/unit/test_config_extra_body_invariants.py::test_config_never_places_chat_template_options_directly_in_extra_body[intellij/intellij-h82-ce-logits.yml] PASSED [ 29%]
tests/unit/test_config_extra_body_invariants.py::test_config_never_places_chat_template_options_directly_in_extra_body[intellij/intellij-h83-ce-twopass.yml] PASSED [ 29%]
tests/unit/test_config_extra_body_invariants.py::test_config_never_places_chat_template_options_directly_in_extra_body[intellij/intellij-h84-multiquery.yml] PASSED [ 29%]
tests/unit/test_config_extra_body_invariants.py::test_config_never_places_chat_template_options_directly_in_extra_body[intellij/intellij-h84v2-union-rerank.yml] PASSED [ 29%]
tests/unit/test_config_extra_body_invariants.py::test_config_never_places_chat_template_options_directly_in_extra_body[intellij/intellij-h85-wave1-combo.yml] PASSED [ 30%]
tests/unit/test_config_extra_body_invariants.py::test_config_never_places_chat_template_options_directly_in_extra_body[intellij/intellij-h86-agentic-champion.yml] PASSED [ 30%]
tests/unit/test_config_extra_body_invariants.py::test_config_never_places_chat_template_options_directly_in_extra_body[intellij/intellij-postrank-h2.yml] PASSED [ 30%]
tests/unit/test_config_extra_body_invariants.py::test_config_never_places_chat_template_options_directly_in_extra_body[intellij/intellij-postrank-h3-manifest.yml] PASSED [ 30%]
tests/unit/test_config_extra_body_invariants.py::test_config_never_places_chat_template_options_directly_in_extra_body[intellij-community-compact-locator.yml] PASSED [ 30%]
tests/unit/test_config_extra_body_invariants.py::test_config_never_places_chat_template_options_directly_in_extra_body[intellij-community-file-locator.yml] PASSED [ 30%]
tests/unit/test_config_extra_body_invariants.py::test_config_never_places_chat_template_options_directly_in_extra_body[intellij-community-hybrid-quality.yml] PASSED [ 30%]
tests/unit/test_config_extra_body_invariants.py::test_config_never_places_chat_template_options_directly_in_extra_body[intellij-community-ollama-qdrant.yml] PASSED [ 30%]
tests/unit/test_config_extra_body_invariants.py::test_config_never_places_chat_template_options_directly_in_extra_body[intellij-community-vllm-qdrant.yml] PASSED [ 30%]
tests/unit/test_config_extra_body_invariants.py::test_config_never_places_chat_template_options_directly_in_extra_body[intellij-embedding-benchmark.yml] PASSED [ 30%]
tests/unit/test_config_extra_body_invariants.py::test_config_never_places_chat_template_options_directly_in_extra_body[intellij-postrank-h2.yml] PASSED [ 30%]
tests/unit/test_config_extra_body_invariants.py::test_config_never_places_chat_template_options_directly_in_extra_body[intellij-postrank-h3-manifest.yml] PASSED [ 30%]
tests/unit/test_config_extra_body_invariants.py::test_config_never_places_chat_template_options_directly_in_extra_body[local-models/codesearchnet-local-embedding-axis-100.yml] PASSED [ 30%]
tests/unit/test_config_extra_body_invariants.py::test_config_never_places_chat_template_options_directly_in_extra_body[local-models/codesearchnet-local-embedding-axis-1000.yml] PASSED [ 31%]
tests/unit/test_config_extra_body_invariants.py::test_config_never_places_chat_template_options_directly_in_extra_body[local-models/codesearchnet-local-gemma-ranker-slice.yml] PASSED [ 31%]
tests/unit/test_config_extra_body_invariants.py::test_config_never_places_chat_template_options_directly_in_extra_body[local-models/protogen-gemini-api-embedding-3072-api-rerank.yml] PASSED [ 31%]
tests/unit/test_config_extra_body_invariants.py::test_config_never_places_chat_template_options_directly_in_extra_body[local-models/protogen-gemini-embedding-3072-local-ranker-benchmark.yml] PASSED [ 31%]
tests/unit/test_config_extra_body_invariants.py::test_config_never_places_chat_template_options_directly_in_extra_body[local-models/protogen-gemini-embedding-local-ranker-benchmark.yml] PASSED [ 31%]
tests/unit/test_config_extra_body_invariants.py::test_config_never_places_chat_template_options_directly_in_extra_body[local-models/protogen-gemma-e4b-compact-thinking.yml] PASSED [ 31%]
tests/unit/test_config_extra_body_invariants.py::test_config_never_places_chat_template_options_directly_in_extra_body[local-models/protogen-gemma-e4b-optiq-best-100.yml] PASSED [ 31%]
tests/unit/test_config_extra_body_invariants.py::test_config_never_places_chat_template_options_directly_in_extra_body[local-models/protogen-gemma-e4b-ranker-experiments.yml] PASSED [ 31%]
tests/unit/test_config_extra_body_invariants.py::test_config_never_places_chat_template_options_directly_in_extra_body[local-models/protogen-qwen-embedding-local-ranker-benchmark.yml] PASSED [ 31%]
tests/unit/test_config_extra_body_invariants.py::test_config_never_places_chat_template_options_directly_in_extra_body[local-models/protogen-qwen-embedding-local-ranker-quick.yml] PASSED [ 31%]
tests/unit/test_config_extra_body_invariants.py::test_config_never_places_chat_template_options_directly_in_extra_body[local-models/protogen-vllm-embedding-benchmark.yml] PASSED [ 31%]
tests/unit/test_config_extra_body_invariants.py::test_config_never_places_chat_template_options_directly_in_extra_body[protogen-ai.yml] PASSED [ 31%]
tests/unit/test_config_extra_body_invariants.py::test_config_never_places_chat_template_options_directly_in_extra_body[protogen-baseline.yml] PASSED [ 31%]
tests/unit/test_config_extra_body_invariants.py::test_config_never_places_chat_template_options_directly_in_extra_body[protogen-gemini-api-embedding-3072-api-rerank.yml] PASSED [ 31%]
tests/unit/test_config_extra_body_invariants.py::test_config_never_places_chat_template_options_directly_in_extra_body[protogen-gemini-embedding-3072-local-ranker-benchmark.yml] PASSED [ 32%]
tests/unit/test_config_extra_body_invariants.py::test_config_never_places_chat_template_options_directly_in_extra_body[protogen-gemini-embedding-local-ranker-benchmark.yml] PASSED [ 32%]
tests/unit/test_config_extra_body_invariants.py::test_config_never_places_chat_template_options_directly_in_extra_body[protogen-gemma-e4b-compact-thinking.yml] PASSED [ 32%]
tests/unit/test_config_extra_body_invariants.py::test_config_never_places_chat_template_options_directly_in_extra_body[protogen-gemma-e4b-optiq-best-100.yml] PASSED [ 32%]
tests/unit/test_config_extra_body_invariants.py::test_config_never_places_chat_template_options_directly_in_extra_body[protogen-gemma-e4b-ranker-experiments.yml] PASSED [ 32%]
tests/unit/test_config_extra_body_invariants.py::test_config_never_places_chat_template_options_directly_in_extra_body[protogen-legacy/protogen-ai.yml] PASSED [ 32%]
tests/unit/test_config_extra_body_invariants.py::test_config_never_places_chat_template_options_directly_in_extra_body[protogen-legacy/protogen-baseline.yml] PASSED [ 32%]
tests/unit/test_config_extra_body_invariants.py::test_config_never_places_chat_template_options_directly_in_extra_body[protogen-legacy/protogen-local.yml] PASSED [ 32%]
tests/unit/test_config_extra_body_invariants.py::test_config_never_places_chat_template_options_directly_in_extra_body[protogen-legacy/protogen-ollama-embeddings.yml] PASSED [ 32%]
tests/unit/test_config_extra_body_invariants.py::test_config_never_places_chat_template_options_directly_in_extra_body[protogen-legacy/protogen-ollama-qdrant.yml] PASSED [ 32%]
tests/unit/test_config_extra_body_invariants.py::test_config_never_places_chat_template_options_directly_in_extra_body[protogen-legacy/protogen-ollama.yml] PASSED [ 32%]
tests/unit/test_config_extra_body_invariants.py::test_config_never_places_chat_template_options_directly_in_extra_body[protogen-legacy/protogen-orchestrated-hash.yml] PASSED [ 32%]
tests/unit/test_config_extra_body_invariants.py::test_config_never_places_chat_template_options_directly_in_extra_body[protogen-legacy/protogen-qwen-cross-encoder-rerank-4b.yml] PASSED [ 32%]
tests/unit/test_config_extra_body_invariants.py::test_config_never_places_chat_template_options_directly_in_extra_body[protogen-legacy/protogen-qwen-cross-encoder-rerank.yml] PASSED [ 32%]
tests/unit/test_config_extra_body_invariants.py::test_config_never_places_chat_template_options_directly_in_extra_body[protogen-legacy/protogen-qwen4b-embedding-qwen4b-reranker.yml] PASSED [ 33%]
tests/unit/test_config_extra_body_invariants.py::test_config_never_places_chat_template_options_directly_in_extra_body[protogen-legacy/protogen-symbols.yml] PASSED [ 33%]
tests/unit/test_config_extra_body_invariants.py::test_config_never_places_chat_template_options_directly_in_extra_body[protogen-legacy/protogen-vertex.yml] PASSED [ 33%]
tests/unit/test_config_extra_body_invariants.py::test_config_never_places_chat_template_options_directly_in_extra_body[protogen-legacy/protogen.yml] PASSED [ 33%]
tests/unit/test_config_extra_body_invariants.py::test_config_never_places_chat_template_options_directly_in_extra_body[protogen-local.yml] PASSED [ 33%]
tests/unit/test_config_extra_body_invariants.py::test_config_never_places_chat_template_options_directly_in_extra_body[protogen-ollama-embeddings.yml] PASSED [ 33%]
tests/unit/test_config_extra_body_invariants.py::test_config_never_places_chat_template_options_directly_in_extra_body[protogen-ollama-qdrant.yml] PASSED [ 33%]
tests/unit/test_config_extra_body_invariants.py::test_config_never_places_chat_template_options_directly_in_extra_body[protogen-ollama.yml] PASSED [ 33%]
tests/unit/test_config_extra_body_invariants.py::test_config_never_places_chat_template_options_directly_in_extra_body[protogen-orchestrated-hash.yml] PASSED [ 33%]
tests/unit/test_config_extra_body_invariants.py::test_config_never_places_chat_template_options_directly_in_extra_body[protogen-qwen-cross-encoder-rerank-4b.yml] PASSED [ 33%]
tests/unit/test_config_extra_body_invariants.py::test_config_never_places_chat_template_options_directly_in_extra_body[protogen-qwen-cross-encoder-rerank.yml] PASSED [ 33%]
tests/unit/test_config_extra_body_invariants.py::test_config_never_places_chat_template_options_directly_in_extra_body[protogen-qwen-embedding-local-ranker-benchmark.yml] PASSED [ 33%]
tests/unit/test_config_extra_body_invariants.py::test_config_never_places_chat_template_options_directly_in_extra_body[protogen-qwen-embedding-local-ranker-quick.yml] PASSED [ 33%]
tests/unit/test_config_extra_body_invariants.py::test_config_never_places_chat_template_options_directly_in_extra_body[protogen-qwen4b-embedding-qwen4b-reranker.yml] PASSED [ 33%]
tests/unit/test_config_extra_body_invariants.py::test_config_never_places_chat_template_options_directly_in_extra_body[protogen-symbols.yml] PASSED [ 34%]
tests/unit/test_config_extra_body_invariants.py::test_config_never_places_chat_template_options_directly_in_extra_body[protogen-vertex-smoke.yml] PASSED [ 34%]
tests/unit/test_config_extra_body_invariants.py::test_config_never_places_chat_template_options_directly_in_extra_body[protogen-vertex.yml] PASSED [ 34%]
tests/unit/test_config_extra_body_invariants.py::test_config_never_places_chat_template_options_directly_in_extra_body[protogen-vllm-embedding-benchmark.yml] PASSED [ 34%]
tests/unit/test_config_extra_body_invariants.py::test_config_never_places_chat_template_options_directly_in_extra_body[protogen.yml] PASSED [ 34%]
tests/unit/test_config_extra_body_invariants.py::test_config_never_places_chat_template_options_directly_in_extra_body[runtimes/container-protogen.yml] PASSED [ 34%]
tests/unit/test_config_extra_body_invariants.py::test_config_never_places_chat_template_options_directly_in_extra_body[runtimes/container.yml] PASSED [ 34%]
tests/unit/test_config_extra_body_invariants.py::test_config_never_places_chat_template_options_directly_in_extra_body[smoke-experiments/agy-cli-agent.yml] PASSED [ 34%]
tests/unit/test_config_extra_body_invariants.py::test_config_never_places_chat_template_options_directly_in_extra_body[smoke-experiments/gemini-cli-agent.yml] PASSED [ 34%]
tests/unit/test_config_extra_body_invariants.py::test_config_never_places_chat_template_options_directly_in_extra_body[smoke-experiments/protogen-vertex-smoke.yml] PASSED [ 34%]
tests/unit/test_config_extra_body_invariants.py::test_config_never_places_chat_template_options_directly_in_extra_body[smoke-experiments/provider-test-agy-cli.yml] PASSED [ 34%]
tests/unit/test_config_extra_body_invariants.py::test_config_never_places_chat_template_options_directly_in_extra_body[smoke-experiments/provider-test-antigravity-sdk-vertex.yml] PASSED [ 34%]
tests/unit/test_config_extra_body_invariants.py::test_config_never_places_chat_template_options_directly_in_extra_body[smoke-experiments/provider-test-antigravity-sdk.yml] PASSED [ 34%]
tests/unit/test_config_extra_body_invariants.py::test_config_never_places_chat_template_options_directly_in_extra_body[smoke-experiments/provider-test-gemini-cli.yml] PASSED [ 35%]
tests/unit/test_config_extra_body_invariants.py::test_config_never_places_chat_template_options_directly_in_extra_body[smoke-experiments/provider-test-vertex-flash-lite.yml] PASSED [ 35%]
tests/unit/test_config_extra_body_invariants.py::test_config_never_lets_extra_body_clobber_provider_owned_request_keys[answer-judge-local-gemma4-12b-gguf.yml] PASSED [ 35%]
tests/unit/test_config_extra_body_invariants.py::test_config_never_lets_extra_body_clobber_provider_owned_request_keys[answer-judge-local-gemma4-12b.yml] PASSED [ 35%]
tests/unit/test_config_extra_body_invariants.py::test_config_never_lets_extra_body_clobber_provider_owned_request_keys[answer-judge-local-qwen35-9b.yml] PASSED [ 35%]
tests/unit/test_config_extra_body_invariants.py::test_config_never_lets_extra_body_clobber_provider_owned_request_keys[benchmarks/codesearchnet-agent-axis-embeddinggemma-100.yml] PASSED [ 35%]
tests/unit/test_config_extra_body_invariants.py::test_config_never_lets_extra_body_clobber_provider_owned_request_keys[benchmarks/codesearchnet-agent-axis-embeddinggemma-1000.yml] PASSED [ 35%]
tests/unit/test_config_extra_body_invariants.py::test_config_never_lets_extra_body_clobber_provider_owned_request_keys[benchmarks/codesearchnet-agent-axis-local-100-h7-api-manifest.yml] PASSED [ 35%]
tests/unit/test_config_extra_body_invariants.py::test_config_never_lets_extra_body_clobber_provider_owned_request_keys[benchmarks/codesearchnet-agent-axis-local-100-h7-query-expansion.yml] PASSED [ 35%]
tests/unit/test_config_extra_body_invariants.py::test_config_never_lets_extra_body_clobber_provider_owned_request_keys[benchmarks/codesearchnet-agent-axis-local-100.yml] PASSED [ 35%]
tests/unit/test_config_extra_body_invariants.py::test_config_never_lets_extra_body_clobber_provider_owned_request_keys[benchmarks/codesearchnet-gemma4-12b-rerank-100.yml] PASSED [ 35%]
tests/unit/test_config_extra_body_invariants.py::test_config_never_lets_extra_body_clobber_provider_owned_request_keys[benchmarks/codesearchnet-gemma4-12b-rerank-200.yml] PASSED [ 35%]
tests/unit/test_config_extra_body_invariants.py::test_config_never_lets_extra_body_clobber_provider_owned_request_keys[benchmarks/codesearchnet-h10-graph-file-qwen-quality-100.yml] PASSED [ 35%]
tests/unit/test_config_extra_body_invariants.py::test_config_never_lets_extra_body_clobber_provider_owned_request_keys[benchmarks/codesearchnet-h10-graph-file-vertex-1000.yml] PASSED [ 35%]
tests/unit/test_config_extra_body_invariants.py::test_config_never_lets_extra_body_clobber_provider_owned_request_keys[benchmarks/codesearchnet-h10-graph-file-vertex-context-100.yml] PASSED [ 36%]
tests/unit/test_config_extra_body_invariants.py::test_config_never_lets_extra_body_clobber_provider_owned_request_keys[benchmarks/codesearchnet-h12-graph-context-vertex-1000.yml] PASSED [ 36%]
tests/unit/test_config_extra_body_invariants.py::test_config_never_lets_extra_body_clobber_provider_owned_request_keys[benchmarks/codesearchnet-h37-champion-xenc-1000.yml] PASSED [ 36%]
tests/unit/test_config_extra_body_invariants.py::test_config_never_lets_extra_body_clobber_provider_owned_request_keys[benchmarks/codesearchnet-h44-no-xenc-1000.yml] PASSED [ 36%]
tests/unit/test_config_extra_body_invariants.py::test_config_never_lets_extra_body_clobber_provider_owned_request_keys[benchmarks/codesearchnet-h6-embeddinggemma-llm-rerank-100.yml] PASSED [ 36%]
tests/unit/test_config_extra_body_invariants.py::test_config_never_lets_extra_body_clobber_provider_owned_request_keys[benchmarks/codesearchnet-h6-embeddinggemma-reranker-100.yml] PASSED [ 36%]
tests/unit/test_config_extra_body_invariants.py::test_config_never_lets_extra_body_clobber_provider_owned_request_keys[benchmarks/codesearchnet-h6-hybrid-vertex-1000.yml] PASSED [ 36%]
tests/unit/test_config_extra_body_invariants.py::test_config_never_lets_extra_body_clobber_provider_owned_request_keys[benchmarks/codesearchnet-h7-query-expansion-embeddinggemma-1000.yml] PASSED [ 36%]
tests/unit/test_config_extra_body_invariants.py::test_config_never_lets_extra_body_clobber_provider_owned_request_keys[benchmarks/codesearchnet-h7-qwen3-reranker-0_6b-preserve-100.yml] PASSED [ 36%]
tests/unit/test_config_extra_body_invariants.py::test_config_never_lets_extra_body_clobber_provider_owned_request_keys[benchmarks/codesearchnet-h8-file-graphrag-embeddinggemma-1000.yml] PASSED [ 36%]
tests/unit/test_config_extra_body_invariants.py::test_config_never_lets_extra_body_clobber_provider_owned_request_keys[benchmarks/codesearchnet-h8-gemini-lite-rerank-1000.yml] PASSED [ 36%]
tests/unit/test_config_extra_body_invariants.py::test_config_never_lets_extra_body_clobber_provider_owned_request_keys[benchmarks/codesearchnet-h9-body-evidence-bounded-embeddinggemma-1000.yml] PASSED [ 36%]
tests/unit/test_config_extra_body_invariants.py::test_config_never_lets_extra_body_clobber_provider_owned_request_keys[benchmarks/codesearchnet-h9-body-evidence-embeddinggemma-1000.yml] PASSED [ 36%]
tests/unit/test_config_extra_body_invariants.py::test_config_never_lets_extra_body_clobber_provider_owned_request_keys[benchmarks/codesearchnet-mteb-python-h2-line-symbol-hybrid.yml] PASSED [ 36%]
tests/unit/test_config_extra_body_invariants.py::test_config_never_lets_extra_body_clobber_provider_owned_request_keys[benchmarks/codesearchnet-mteb-python-h2-summary-manifest-hybrid.yml] PASSED [ 37%]
tests/unit/test_config_extra_body_invariants.py::test_config_never_lets_extra_body_clobber_provider_owned_request_keys[benchmarks/codesearchnet-mteb-python-h3-agentic.yml] PASSED [ 37%]
tests/unit/test_config_extra_body_invariants.py::test_config_never_lets_extra_body_clobber_provider_owned_request_keys[benchmarks/codesearchnet-mteb-python-h5-embeddinggemma-quality.yml] PASSED [ 37%]
tests/unit/test_config_extra_body_invariants.py::test_config_never_lets_extra_body_clobber_provider_owned_request_keys[benchmarks/codesearchnet-mteb-python-h5-qwen-quality.yml] PASSED [ 37%]
tests/unit/test_config_extra_body_invariants.py::test_config_never_lets_extra_body_clobber_provider_owned_request_keys[benchmarks/codesearchnet-mteb-python-hash.yml] PASSED [ 37%]
tests/unit/test_config_extra_body_invariants.py::test_config_never_lets_extra_body_clobber_provider_owned_request_keys[benchmarks/codesearchnet-mteb-python-pure-h3.yml] PASSED [ 37%]
tests/unit/test_config_extra_body_invariants.py::test_config_never_lets_extra_body_clobber_provider_owned_request_keys[benchmarks/swebench-h7-query-expansion-embeddinggemma-100.yml] PASSED [ 37%]
tests/unit/test_config_extra_body_invariants.py::test_config_never_lets_extra_body_clobber_provider_owned_request_keys[benchmarks/swebench-h9-body-evidence-embeddinggemma-100.yml] PASSED [ 37%]
tests/unit/test_config_extra_body_invariants.py::test_config_never_lets_extra_body_clobber_provider_owned_request_keys[benchmarks/swebench-verified-mteb-500.yml] PASSED [ 37%]
tests/unit/test_config_extra_body_invariants.py::test_config_never_lets_extra_body_clobber_provider_owned_request_keys[codesearchnet-agent-axis-embeddinggemma-100.yml] PASSED [ 37%]
tests/unit/test_config_extra_body_invariants.py::test_config_never_lets_extra_body_clobber_provider_owned_request_keys[codesearchnet-agent-axis-embeddinggemma-1000.yml] PASSED [ 37%]
tests/unit/test_config_extra_body_invariants.py::test_config_never_lets_extra_body_clobber_provider_owned_request_keys[codesearchnet-h6-embeddinggemma-reranker-100.yml] PASSED [ 37%]
tests/unit/test_config_extra_body_invariants.py::test_config_never_lets_extra_body_clobber_provider_owned_request_keys[codesearchnet-local-embedding-axis-100.yml] PASSED [ 37%]
tests/unit/test_config_extra_body_invariants.py::test_config_never_lets_extra_body_clobber_provider_owned_request_keys[codesearchnet-local-embedding-axis-1000.yml] PASSED [ 37%]
tests/unit/test_config_extra_body_invariants.py::test_config_never_lets_extra_body_clobber_provider_owned_request_keys[codesearchnet-local-gemma-ranker-slice.yml] PASSED [ 38%]
tests/unit/test_config_extra_body_invariants.py::test_config_never_lets_extra_body_clobber_provider_owned_request_keys[codesearchnet-mteb-python-h2-line-symbol-hybrid.yml] PASSED [ 38%]
tests/unit/test_config_extra_body_invariants.py::test_config_never_lets_extra_body_clobber_provider_owned_request_keys[codesearchnet-mteb-python-h2-summary-manifest-hybrid.yml] PASSED [ 38%]
tests/unit/test_config_extra_body_invariants.py::test_config_never_lets_extra_body_clobber_provider_owned_request_keys[codesearchnet-mteb-python-h3-agentic.yml] PASSED [ 38%]
tests/unit/test_config_extra_body_invariants.py::test_config_never_lets_extra_body_clobber_provider_owned_request_keys[codesearchnet-mteb-python-h5-embeddinggemma-quality.yml] PASSED [ 38%]
tests/unit/test_config_extra_body_invariants.py::test_config_never_lets_extra_body_clobber_provider_owned_request_keys[codesearchnet-mteb-python-h5-qwen-graph-quality.yml] PASSED [ 38%]
tests/unit/test_config_extra_body_invariants.py::test_config_never_lets_extra_body_clobber_provider_owned_request_keys[codesearchnet-mteb-python-h5-qwen-quality.yml] PASSED [ 38%]
tests/unit/test_config_extra_body_invariants.py::test_config_never_lets_extra_body_clobber_provider_owned_request_keys[codesearchnet-mteb-python-hash.yml] PASSED [ 38%]
tests/unit/test_config_extra_body_invariants.py::test_config_never_lets_extra_body_clobber_provider_owned_request_keys[codesearchnet-mteb-python-pure-h3.yml] PASSED [ 38%]
tests/unit/test_config_extra_body_invariants.py::test_config_never_lets_extra_body_clobber_provider_owned_request_keys[container-protogen.yml] PASSED [ 38%]
tests/unit/test_config_extra_body_invariants.py::test_config_never_lets_extra_body_clobber_provider_owned_request_keys[container.yml] PASSED [ 38%]
tests/unit/test_config_extra_body_invariants.py::test_config_never_lets_extra_body_clobber_provider_owned_request_keys[context-awareness/protogen-h10-gemma26-no-context.yml] PASSED [ 38%]
tests/unit/test_config_extra_body_invariants.py::test_config_never_lets_extra_body_clobber_provider_owned_request_keys[context-awareness/protogen-h10-gemma26-readme-summary.yml] PASSED [ 38%]
tests/unit/test_config_extra_body_invariants.py::test_config_never_lets_extra_body_clobber_provider_owned_request_keys[context-awareness/protogen-h12-dual-lane-gemma26.yml] PASSED [ 39%]
tests/unit/test_config_extra_body_invariants.py::test_config_never_lets_extra_body_clobber_provider_owned_request_keys[context-awareness/protogen-h12a-context-artifact-vertex.yml] PASSED [ 39%]
tests/unit/test_config_extra_body_invariants.py::test_config_never_lets_extra_body_clobber_provider_owned_request_keys[context-awareness/protogen-h12b-doc-vector-lane-vertex.yml] PASSED [ 39%]
[...]
tests/unit/test_runtime_setup.py::test_runtime_config_selects_dependency_groups PASSED [ 93%]
tests/unit/test_runtime_setup.py::test_runtime_manager_uses_uv_group_for_vllm_runtime PASSED [ 93%]
tests/unit/test_runtime_setup.py::test_runtime_manager_uses_vllm_metal_group_for_apple_runtime PASSED [ 93%]
tests/unit/test_runtime_setup.py::test_runtime_wait_reports_process_exit_with_log PASSED [ 93%]
tests/unit/test_runtime_setup.py::test_runtime_manager_closes_parent_log_fd_and_uses_platform_loopback PASSED [ 93%]
tests/unit/test_schema_guarded_generation.py::test_validator_accepts_a_conforming_payload PASSED [ 93%]
tests/unit/test_schema_guarded_generation.py::test_validator_rejects_the_empty_object_that_the_old_vacuous_schema_allowed PASSED [ 93%]
tests/unit/test_schema_guarded_generation.py::test_validator_treats_an_empty_required_string_as_a_violation PASSED [ 93%]
tests/unit/test_schema_guarded_generation.py::test_validator_reports_type_mismatches_with_the_json_type_name PASSED [ 93%]
tests/unit/test_schema_guarded_generation.py::test_validator_checks_nested_array_items PASSED [ 93%]
tests/unit/test_schema_guarded_generation.py::test_validator_rejects_unexpected_properties_when_additional_properties_are_disallowed PASSED [ 93%]
tests/unit/test_schema_guarded_generation.py::test_validator_enforces_the_judge_answer_enum PASSED [ 93%]
tests/unit/test_schema_guarded_generation.py::test_validator_does_not_accept_a_boolean_where_a_number_is_required PASSED [ 93%]
tests/unit/test_schema_guarded_generation.py::test_guard_passes_through_untouched_when_no_schema_is_requested PASSED [ 94%]
tests/unit/test_schema_guarded_generation.py::test_guard_returns_the_first_conforming_response_without_repairing PASSED [ 94%]
tests/unit/test_schema_guarded_generation.py::test_guard_repairs_by_reprompting_with_the_concrete_violations PASSED [ 94%]
tests/unit/test_schema_guarded_generation.py::test_guard_sums_token_usage_across_repair_attempts PASSED [ 94%]
tests/unit/test_schema_guarded_generation.py::test_guard_raises_after_exhausting_the_repair_budget PASSED [ 94%]
tests/unit/test_schema_guarded_generation.py::test_guard_reports_unparseable_output_as_a_violation_rather_than_crashing PASSED [ 94%]
tests/unit/test_schema_guarded_generation.py::test_guard_forwards_the_schema_so_capable_backends_can_constrain_decoding PASSED [ 94%]
tests/unit/test_schema_guarded_generation.py::test_guard_names_the_wrapped_backend PASSED [ 94%]
tests/unit/test_schema_guarded_generation.py::test_guard_rejects_a_negative_repair_budget PASSED [ 94%]
tests/unit/test_schema_guarded_generation.py::test_served_model_identity_matches_the_same_weights_across_backend_naming PASSED [ 94%]
tests/unit/test_schema_guarded_generation.py::test_served_model_identity_separates_sizes_and_families[mlx-community/gemma-4-e4b-it-4bit-mlx-community/gemma-4-e2b-it-4bit] PASSED [ 94%]
tests/unit/test_schema_guarded_generation.py::test_served_model_identity_separates_sizes_and_families[mlx-community/Qwen3.5-4B-OptiQ-4bit-mlx-community/gemma-4-e2b-it-4bit] PASSED [ 94%]
tests/unit/test_schema_guarded_generation.py::test_served_model_identity_separates_sizes_and_families[mlx-community/Qwen3.5-9B-MLX-4bit-mlx-community/Qwen3.5-4B-MLX-4bit] PASSED [ 94%]
tests/unit/test_schema_guarded_generation.py::test_served_model_identity_separates_sizes_and_families[gemma-4-12B-it-qat-UD-Q4_K_XL-gemma-4-26B-A4B-it-qat-UD-Q4_K_XL] PASSED [ 94%]
tests/unit/test_schema_guarded_generation.py::test_served_model_identity_separates_sizes_and_families[Qwen3-Reranker-0.6B-Qwen3-Reranker-4B] PASSED [ 95%]
tests/unit/test_schema_guarded_generation.py::test_provider_raises_when_the_port_is_held_by_a_different_model PASSED [ 95%]
tests/unit/test_schema_guarded_generation.py::test_provider_accepts_a_matching_served_model_and_checks_only_once PASSED [ 95%]
tests/unit/test_schema_guarded_generation.py::test_a_flawless_judgement_may_leave_critical_issues_empty PASSED [ 95%]
tests/unit/test_schema_guarded_generation.py::test_allow_empty_does_not_excuse_dropping_the_key_entirely PASSED [ 95%]
tests/unit/test_schema_guarded_generation.py::test_allow_empty_is_per_property_and_does_not_leak_to_its_siblings PASSED [ 95%]
tests/unit/test_schema_guarded_generation.py::test_the_local_only_keyword_is_stripped_before_the_schema_goes_on_the_wire PASSED [ 95%]
tests/unit/test_search_runtime.py::test_search_runtime_warm_is_idempotent PASSED [ 95%]
tests/unit/test_sentence_transformers_embedding_provider.py::test_sentence_transformers_provider_embeds_with_prefixes_and_bounds PASSED [ 95%]
tests/unit/test_sentence_transformers_embedding_provider.py::test_sentence_transformers_provider_rejects_dimension_mismatch PASSED [ 95%]
tests/unit/test_sentence_transformers_embedding_provider.py::test_provider_factory_creates_sentence_transformers_provider PASSED [ 95%]
tests/unit/test_sentence_transformers_embedding_provider.py::test_embedding_text_truncation_handles_punctuation_and_generics_at_token_boundaries PASSED [ 95%]
tests/unit/test_sentence_transformers_embedding_provider.py::test_embedding_text_truncation_falls_back_to_conservative_character_limit PASSED [ 95%]
tests/unit/test_sentence_transformers_embedding_provider.py::test_sentence_transformers_provider_truncates_dense_punctuation_within_limit PASSED [ 95%]
tests/unit/test_sentence_transformers_embedding_provider.py::test_sentence_transformers_provider_truncates_generics_like_text_within_limit PASSED [ 96%]
tests/unit/test_sentence_transformers_embedding_provider.py::test_sentence_transformers_provider_keeps_short_text_unchanged PASSED [ 96%]
tests/unit/test_sentence_transformers_embedding_provider.py::test_sentence_transformers_retries_only_overflowing_item PASSED [ 96%]
tests/unit/test_sentence_transformers_embedding_provider.py::test_sentence_transformers_retry_stops_when_input_cannot_shrink PASSED [ 96%]
tests/unit/test_symbol_chunk_item_builder.py::test_builder_emits_a_point_per_type_and_public_callable PASSED [ 96%]
tests/unit/test_symbol_chunk_item_builder.py::test_chunk_keeps_the_full_file_path_so_dedup_and_path_scoring_still_work PASSED [ 96%]
tests/unit/test_symbol_chunk_item_builder.py::test_chunk_text_leads_with_the_symbol_identity_split_into_words PASSED [ 96%]
tests/unit/test_symbol_chunk_item_builder.py::test_chunk_text_uses_the_first_kdoc_sentence_as_purpose PASSED [ 96%]
tests/unit/test_symbol_chunk_item_builder.py::test_chunk_text_stays_inside_the_embedding_budget PASSED [ 96%]
tests/unit/test_symbol_chunk_item_builder.py::test_small_files_produce_no_chunks PASSED [ 96%]
tests/unit/test_symbol_chunk_item_builder.py::test_private_and_trivial_accessors_are_skipped PASSED [ 96%]
tests/unit/test_symbol_chunk_item_builder.py::test_chunks_per_file_are_capped PASSED [ 96%]
tests/unit/test_symbol_chunk_item_builder.py::test_non_source_files_produce_no_chunks PASSED [ 96%]
tests/unit/test_tool_observation_compressor.py::test_tool_observation_compressor_parses_json_and_drops_raw_matches PASSED [ 97%]
tests/unit/test_tool_observation_compressor.py::test_tool_observation_compressor_drops_nested_matches_in_lists_and_sections PASSED [ 97%]
tests/unit/test_tool_observation_compressor.py::test_tool_observation_compressor_keeps_non_json_content PASSED [ 97%]
tests/unit/test_tool_services.py::test_path_guard_accepts_relative_and_absolute_paths_inside_root PASSED [ 97%]
tests/unit/test_tool_services.py::test_path_guard_rejects_parent_traversal_and_absolute_escape PASSED [ 97%]
tests/unit/test_tool_services.py::test_tree_service_respects_gitignore_extra_excludes_depth_and_limit PASSED [ 97%]
tests/unit/test_tool_services.py::test_tree_service_file_path_returns_empty_structured_tree PASSED [ 97%]
tests/unit/test_tool_services.py::test_grep_service_python_backend_returns_structured_matches_without_text_by_default PASSED [ 97%]
tests/unit/test_tool_services.py::test_grep_service_python_backend_supports_regex_and_include_text PASSED [ 97%]
tests/unit/test_tool_services.py::test_grep_service_invalid_regex_fails_fast_in_python_backend PASSED [ 97%]
tests/unit/test_tool_services.py::test_rg_service_python_fallback_returns_regex_metadata_and_limits PASSED [ 97%]
tests/unit/test_tool_services.py::test_read_excerpt_service_bounds_lines_and_reports_truncation PASSED [ 97%]
tests/unit/test_tool_services.py::test_read_excerpt_service_rejects_ignored_missing_directory_and_large_files PASSED [ 97%]
tests/unit/test_tool_services.py::test_file_outline_service_returns_imports_symbols_and_candidates PASSED [ 97%]
tests/unit/test_tool_services.py::test_symbols_service_supports_fuzzy_symbol_definition_query PASSED [ 98%]
tests/unit/test_trace_logger.py::test_trace_logger_instances_share_artifact_lock PASSED [ 98%]
tests/unit/test_trace_monitor.py::test_trace_monitor_resets_offset_when_trace_file_is_truncated PASSED [ 98%]
tests/unit/test_trace_monitor.py::test_trace_monitor_resets_when_trace_file_is_replaced_with_larger_file PASSED [ 98%]
tests/unit/test_train_ltr_ranker.py::test_ndcg_rewards_a_relevant_file_placed_first PASSED [ 98%]
tests/unit/test_train_ltr_ranker.py::test_recall_counts_only_the_relevant_files_inside_the_cut PASSED [ 98%]
tests/unit/test_train_ltr_ranker.py::test_loading_a_dump_exported_with_other_features_is_refused PASSED [ 98%]
tests/unit/test_train_ltr_ranker.py::test_training_writes_a_loadable_artifact_and_holds_out_whole_queries PASSED [ 98%]
tests/unit/test_transient_generation_retry.py::test_transient_generation_retry_retries_rate_limits PASSED [ 98%]
tests/unit/test_transient_generation_retry.py::test_transient_generation_retry_respects_retry_after_header PASSED [ 98%]
tests/unit/test_transient_generation_retry.py::test_transient_generation_retry_does_not_retry_bad_requests PASSED [ 98%]
tests/unit/test_unjudgeable_row_policy.py::test_row_with_nonempty_prediction_and_no_error_is_judgeable PASSED [ 98%]
tests/unit/test_unjudgeable_row_policy.py::test_empty_prediction_is_unjudgeable_with_empty_prediction_reason PASSED [ 98%]
tests/unit/test_unjudgeable_row_policy.py::test_missing_prediction_key_is_unjudgeable PASSED [ 98%]
tests/unit/test_unjudgeable_row_policy.py::test_errored_row_is_unjudgeable_with_generation_error_reason_even_with_a_prediction PASSED [ 99%]
tests/unit/test_unjudgeable_row_policy.py::test_error_takes_precedence_over_empty_prediction_reason PASSED [ 99%]
tests/unit/test_unjudgeable_row_policy.py::test_falsy_error_value_does_not_make_a_row_unjudgeable PASSED [ 99%]
tests/unit/test_unjudgeable_row_policy.py::test_synthesized_judgment_zeroes_every_canonical_criterion PASSED [ 99%]
tests/unit/test_unjudgeable_row_policy.py::test_synthesized_judgment_sets_overall_zero_and_empty_answer_one PASSED [ 99%]
tests/unit/test_unjudgeable_row_policy.py::test_synthesized_judgment_is_flagged_and_carries_its_reason PASSED [ 99%]
tests/unit/test_unjudgeable_row_policy.py::test_synthesized_judgment_reports_no_usage_and_no_model PASSED [ 99%]
tests/unit/test_validate_eval_dataset.py::test_validate_eval_dataset_reports_errors_and_warnings FAILED [ 99%]
tests/unit/test_vertex_batch_test_service.py::test_vertex_batch_jsonl_builder_writes_gemini_batch_request PASSED [ 99%]
tests/unit/test_vertex_batch_test_service.py::test_vertex_batch_test_service_dry_run_writes_local_jsonl PASSED [ 99%]
tests/unit/test_vertex_batch_test_service.py::test_vertex_batch_test_service_submit_uploads_and_creates_job PASSED [ 99%]
tests/unit/test_vertex_batch_test_service.py::test_vertex_batch_test_service_submit_requires_gcs_prefix PASSED [ 99%]
tests/unit/test_vertex_providers.py::test_vertex_generation_provider_reuses_json_generation_contract PASSED [ 99%]
tests/unit/test_vertex_providers.py::test_vertex_embedding_provider_reuses_embedding_2_contract PASSED [100%]

=================================== FAILURES ===================================
_______ test_factory_union_rerank_only_changes_graph_file_cross_encoder ________

tmp_path = PosixPath('/private/var/folders/_c/v962_6qd7f128tgcbwn5phc00000gn/T/pytest-of-iurii.medvedev/pytest-449/test_factory_union_rerank_only0')

    def test_factory_union_rerank_only_changes_graph_file_cross_encoder(tmp_path: Path) -> None:
        config = AppConfig(
            root=tmp_path,
            multi_query=MultiQueryConfig(enabled=True, union_rerank=True),
        )
    
>       vector = RetrievalStrategyFactory().create("vector", config, object(), object())
                 ^^^^^^^^^^^^^^^^^^^^^^^^^^^^^^^^^^^^^^^^^^^^^^^^^^^^^^^^^^^^^^^^^^^^^^^

tests/unit/test_multi_query_rrf_strategy.py:103: 
_ _ _ _ _ _ _ _ _ _ _ _ _ _ _ _ _ _ _ _ _ _ _ _ _ _ _ _ _ _ _ _ _ _ _ _ _ _ _ _ 

self = <code_diver.strategies.retrieval_strategy_factory.RetrievalStrategyFactory object at 0x10b250e60>
strategy = 'vector'
config = AppConfig(root=PosixPath('/private/var/folders/_c/v962_6qd7f128tgcbwn5phc00000gn/T/pytest-of-iurii.medvedev/pytest-449..., metrics_table='rag_eval_metrics', cases_table='rag_eval_cases', timeout_seconds=10.0, retention_days=30), plugins=[])
provider = <object object at 0x10a10beb0>
vector_store = <object object at 0x10a10bf70>

    def create(
        self,
        strategy: str,
        config: AppConfig,
        provider: EmbeddingProvider,
        vector_store: VectorStore,
    ) -> RetrievalStrategy:
        if not config.multi_query.enabled:
            return self._create_base(strategy, config, provider, vector_store)
        rewriter = LlmQueryRewriter(create_generation_provider(config)) if config.multi_query.llm_rewrites_enabled else None
        strategy_id = RetrievalStrategyId(strategy)
        if getattr(config.multi_query, "union_rerank", False) and strategy_id is not RetrievalStrategyId.GRAPH_FILE_CROSS_ENCODER:
>           raise ValueError("union_rerank requires the graph_file_cross_encoder retrieval strategy")
E           ValueError: union_rerank requires the graph_file_cross_encoder retrieval strategy

src/code_diver/strategies/retrieval_strategy_factory.py:132: ValueError
_________________ test_rrf_honors_configured_fusion_pool_size __________________

    def test_rrf_honors_configured_fusion_pool_size() -> None:
        underlying = MagicMock(spec=RetrievalStrategy)
        underlying.search.side_effect = lambda query, limit: {
            "query": [_result("a"), _result("b"), _result("c"), _result("d")],
            "rewrite": [_result("a"), _result("b"), _result("e"), _result("f")],
        }[query]
        generator = Mock()
        generator.variants.return_value = ["query", "rewrite"]
        strategy = MultiQueryRrfStrategy(
            underlying,
            MultiQueryConfig(parallel_variants=False),
            generator=generator,
            fusion_pool_size=3,
        )
    
        results = strategy.search("query", 1)
    
        assert underlying.search.call_args_list == [
            call("query", 3),
            call("rewrite", 3),
        ]
        assert len(results) == 3
>       assert [result.item.path for result in results] == ["a", "b", "e"]
E       AssertionError: assert ['a', 'b', 'c'] == ['a', 'b', 'e']
E         
E         At index 2 diff: 'c' != 'e'
E         
E         Full diff:
E           [
E               'a',
E               'b',...
E         
E         ...Full output truncated (5 lines hidden), use '-vv' to show

tests/unit/test_multi_query_union_rerank.py:130: AssertionError
____________ test_validate_eval_dataset_reports_errors_and_warnings ____________

tmp_path = PosixPath('/private/var/folders/_c/v962_6qd7f128tgcbwn5phc00000gn/T/pytest-of-iurii.medvedev/pytest-449/test_validate_eval_dataset_rep0')

    def test_validate_eval_dataset_reports_errors_and_warnings(tmp_path: Path) -> None:
        root = tmp_path / "repo"
        root.mkdir()
        (root / "src").mkdir()
        (root / "src" / "UserService.kt").write_text("class UserService", encoding="utf-8")
        (root / "src" / "OtherService.kt").write_text("class OtherService", encoding="utf-8")
        dataset = tmp_path / "eval.jsonl"
        dataset.write_text(
            "\n".join(
                [
                    json.dumps(
                        {
                            "id": "case",
                            "query": "where is user service",
                            "expected": ["src/UserService.kt", "glob:**/*Service.kt"],
                        }
                    ),
                    json.dumps({"id": "case", "query": "duplicate", "expected": ["src/Missing.kt"]}),
                ]
            )
            + "\n",
            encoding="utf-8",
        )
    
        completed = subprocess.run(
            [
                "uv",
                "run",
                "python",
                "scripts/validate_eval_dataset.py",
                str(dataset),
                "--root",
                str(root),
                "--max-glob-matches",
                "1",
            ],
            cwd=Path(__file__).resolve().parents[2],
            text=True,
            capture_output=True,
            check=False,
        )
    
        assert completed.returncode == 1
>       payload = json.loads(completed.stdout)
                  ^^^^^^^^^^^^^^^^^^^^^^^^^^^^

tests/unit/test_validate_eval_dataset.py:51: 
_ _ _ _ _ _ _ _ _ _ _ _ _ _ _ _ _ _ _ _ _ _ _ _ _ _ _ _ _ _ _ _ _ _ _ _ _ _ _ _ 
../../.local/share/uv/python/cpython-3.12.12-macos-aarch64-none/lib/python3.12/json/__init__.py:346: in loads
    return _default_decoder.decode(s)
           ^^^^^^^^^^^^^^^^^^^^^^^^^^
../../.local/share/uv/python/cpython-3.12.12-macos-aarch64-none/lib/python3.12/json/decoder.py:338: in decode
    obj, end = self.raw_decode(s, idx=_w(s, 0).end())
               ^^^^^^^^^^^^^^^^^^^^^^^^^^^^^^^^^^^^^^
_ _ _ _ _ _ _ _ _ _ _ _ _ _ _ _ _ _ _ _ _ _ _ _ _ _ _ _ _ _ _ _ _ _ _ _ _ _ _ _ 

self = <json.decoder.JSONDecoder object at 0x1019be9c0>, s = '', idx = 0

    def raw_decode(self, s, idx=0):
        """Decode a JSON document from ``s`` (a ``str`` beginning with
        a JSON document) and return a 2-tuple of the Python
        representation and the index in ``s`` where the document ended.
    
        This can be used to decode a JSON document from a string that may
        have extraneous data at the end.
    
        """
        try:
            obj, end = self.scan_once(s, idx)
        except StopIteration as err:
>           raise JSONDecodeError("Expecting value", s, err.value) from None
E           json.decoder.JSONDecodeError: Expecting value: line 1 column 1 (char 0)

../../.local/share/uv/python/cpython-3.12.12-macos-aarch64-none/lib/python3.12/json/decoder.py:356: JSONDecodeError
=============================== warnings summary ===============================
tests/unit/test_train_ltr_ranker.py::test_training_writes_a_loadable_artifact_and_holds_out_whole_queries
tests/unit/test_train_ltr_ranker.py::test_training_writes_a_loadable_artifact_and_holds_out_whole_queries
tests/unit/test_train_ltr_ranker.py::test_training_writes_a_loadable_artifact_and_holds_out_whole_queries
tests/unit/test_train_ltr_ranker.py::test_training_writes_a_loadable_artifact_and_holds_out_whole_queries
  /Users/iurii.medvedev/Work/code-diver/.venv/lib/python3.12/site-packages/joblib/numpy_pickle.py:207: DeprecationWarning: Setting the shape on a NumPy array has been deprecated in NumPy 2.5.
  As an alternative, you can create a new view using np.reshape (with copy=False if needed).
    array.shape = self.shape

-- Docs: https://docs.pytest.org/en/stable/how-to/capture-warnings.html
=========================== short test summary info ============================
FAILED tests/unit/test_multi_query_rrf_strategy.py::test_factory_union_rerank_only_changes_graph_file_cross_encoder
FAILED tests/unit/test_multi_query_union_rerank.py::test_rrf_honors_configured_fusion_pool_size
FAILED tests/unit/test_validate_eval_dataset.py::test_validate_eval_dataset_reports_errors_and_warnings
================= 3 failed, 1371 passed, 4 warnings in 23.19s ==================
