============================= test session starts ==============================
platform darwin -- Python 3.12.12, pytest-9.1.1, pluggy-1.6.0 -- /Users/iurii.medvedev/Work/code-diver/.venv/bin/python3
cachedir: .pytest_cache
rootdir: /Users/iurii.medvedev/Work/code-diver
configfile: pyproject.toml
plugins: anyio-4.14.2
collecting ... collected 46 items

tests/unit/test_multi_query_union_rerank.py::test_multi_query_config_union_rerank_defaults_to_false_for_yaml_and_dict_config PASSED [  2%]
tests/unit/test_multi_query_union_rerank.py::test_loader_reads_union_rerank_from_yaml PASSED [  4%]
tests/unit/test_multi_query_union_rerank.py::test_factory_disabled_multi_query_returns_cross_encoder_over_graph_file PASSED [  6%]
tests/unit/test_multi_query_union_rerank.py::test_factory_enabled_without_union_rerank_wraps_cross_encoder_in_multi_query PASSED [  8%]
tests/unit/test_multi_query_union_rerank.py::test_factory_union_rerank_wraps_ce_less_multi_query_in_cross_encoder PASSED [ 10%]
tests/unit/test_multi_query_union_rerank.py::test_rrf_honors_configured_fusion_pool_size PASSED [ 13%]
tests/unit/test_multi_query_union_rerank.py::test_rrf_without_fusion_pool_requests_exact_limit PASSED [ 15%]
tests/unit/test_multi_query_union_rerank.py::test_rrf_truncates_single_variant_to_configured_fusion_pool_size PASSED [ 17%]
tests/unit/test_multi_query_rrf_strategy.py::test_weighted_rrf_exact_math PASSED [ 19%]
tests/unit/test_multi_query_rrf_strategy.py::test_original_weight_can_outrank_rewrite PASSED [ 21%]
tests/unit/test_multi_query_rrf_strategy.py::test_one_variant_is_identity_passthrough PASSED [ 23%]
tests/unit/test_multi_query_rrf_strategy.py::test_fusion_pool_overfetches_each_variant_and_fusion_pool PASSED [ 26%]
tests/unit/test_multi_query_rrf_strategy.py::test_factory_disabled_and_enabled_wrapping PASSED [ 28%]
tests/unit/test_multi_query_rrf_strategy.py::test_factory_union_rerank_only_changes_graph_file_cross_encoder PASSED [ 30%]
tests/unit/test_multi_query_rrf_strategy.py::test_loader_reads_multi_query_config PASSED [ 32%]
tests/unit/test_multi_query_rrf_strategy.py::test_deterministic_rewrite_behaviors PASSED [ 34%]
tests/unit/test_multi_query_rrf_strategy.py::test_parallel_and_sequential_results_are_identical PASSED [ 36%]
tests/unit/test_multi_query_rrf_strategy.py::test_duplicate_path_counted_once_per_ranked_list PASSED [ 39%]
tests/unit/test_retrieval_strategy_factory.py::test_graph_file_cross_encoder_reranks_graph_file_candidates PASSED [ 41%]
tests/unit/test_retrieval_strategy_factory.py::test_graph_file_rerank_keeps_its_graph_file_base PASSED [ 43%]
tests/unit/test_retrieval_strategy_factory.py::test_cross_encoder_rerank_still_sits_on_plain_hybrid PASSED [ 45%]
tests/unit/test_retrieval_strategy_factory.py::test_union_rerank_fuses_graph_file_candidates_before_one_cross_encoder PASSED [ 47%]
tests/unit/test_retrieval_strategy_factory.py::test_union_rerank_executes_ce_less_variants_and_one_outer_rerank PASSED [ 50%]
tests/unit/test_retrieval_strategy_factory.py::test_union_rerank_false_keeps_v1_cross_encoder_inside_multi_query PASSED [ 52%]
tests/unit/test_config_loader.py::test_config_loader_defaults_persistent_search_runtime_to_false PASSED [ 54%]
tests/unit/test_config_loader.py::test_config_loader_loads_persistent_search_runtime PASSED [ 56%]
tests/unit/test_config_loader.py::test_config_loader_loads_fan_out_probe_workers_and_parallel_mode PASSED [ 58%]
tests/unit/test_config_loader.py::test_config_loader_maps_yaml_to_typed_config PASSED [ 60%]
tests/unit/test_config_loader.py::test_config_loader_does_not_force_default_model_for_custom_embedding_provider PASSED [ 63%]
tests/unit/test_config_loader.py::test_config_loader_rejects_non_mapping_yaml PASSED [ 65%]
tests/unit/test_config_loader.py::test_config_loader_rejects_invalid_list_shape PASSED [ 67%]
tests/unit/test_config_loader.py::test_config_loader_hypothesis_overrides_inherit_base_sections PASSED [ 69%]
tests/unit/test_config_loader.py::test_config_loader_preserves_named_generation_response_format PASSED [ 71%]
tests/unit/test_config_loader.py::test_config_loader_uses_clickhouse_password_env_when_not_configured PASSED [ 73%]
tests/unit/test_config_loader.py::test_llm_rerank_generation_defaults_to_the_app_generation_block PASSED [ 76%]
tests/unit/test_config_loader.py::test_llm_rerank_generation_overrides_only_the_named_keys PASSED [ 78%]
tests/unit/test_config_loader.py::test_graph_file_frontier_limit_is_unset_by_default PASSED [ 80%]
tests/unit/test_config_loader.py::test_graph_file_frontier_limit_is_independent_of_neighbor_limit PASSED [ 82%]
tests/unit/test_config_loader.py::test_cross_encoder_preserve_top_depth_defaults_to_one PASSED [ 84%]
tests/unit/test_config_loader.py::test_cross_encoder_preserve_top_depth_is_read_from_the_config PASSED [ 86%]
tests/unit/test_config_loader.py::test_graph_file_seed_score_parity_is_off_by_default PASSED [ 89%]
tests/unit/test_config_loader.py::test_graph_file_seed_score_parity_is_read_from_the_config PASSED [ 91%]
tests/unit/test_config_loader.py::test_h81_fusion_width_flags_are_off_by_default PASSED [ 93%]
tests/unit/test_config_loader.py::test_h81_fusion_width_flags_are_read_from_the_config PASSED [ 95%]
tests/unit/test_config_loader.py::test_llm_rerank_chunking_is_unset_by_default PASSED [ 97%]
tests/unit/test_config_loader.py::test_llm_rerank_chunk_keep_is_independent_of_rerank_limit PASSED [100%]

============================== 46 passed in 0.64s ==============================
